#
# A fatal error has been detected by the Java Runtime Environment:
#
#  EXCEPTION_ACCESS_VIOLATION (0xc0000005) at pc=0x00000114a54ef0d0, pid=12052, tid=3628
#
# JRE version: Java(TM) SE Runtime Environment 18.9 (11.0.10+8) (build 11.0.10+8-LTS-162)
# Java VM: Java HotSpot(TM) 64-Bit Server VM 18.9 (11.0.10+8-LTS-162, mixed mode, tiered, compressed oops, g1 gc, windows-amd64)
# Problematic frame:
# j  org.eclipse.aether.util.graph.transformer.ConflictMarker.mark(Ljava/util/Collection;Ljava/util/Map;)Ljava/util/Map;+36
#
# No core dump will be written. Minidumps are not enabled by default on client versions of Windows
#
# If you would like to submit a bug report, please visit:
#   https://bugreport.java.com/bugreport/crash.jsp
#

---------------  S U M M A R Y ------------

Command Line: -Dclassworlds.conf=C:\Program Files\NetBeans-12.3\netbeans\java\maven\bin\..\bin\m2.conf -Dmaven.home=C:\Program Files\NetBeans-12.3\netbeans\java\maven\bin\.. -Dlibrary.jansi.path=C:\Program Files\NetBeans-12.3\netbeans\java\maven\bin\..\lib\jansi-native -Dmaven.multiModuleProjectDirectory=C:\Users\Desktop\Desktop\2ADSB-2021-1-Grupo-06\aplicações-java\projeto-tela-java org.codehaus.plexus.classworlds.launcher.Launcher -Dexec.args=-classpath %classpath br.com.first.projeto.tela.java.Cadastro -Dexec.executable=C:\Program Files\Java\jdk-11.0.10\bin\java.exe -Dexec.classpathScope=runtime -Dmaven.ext.class.path=C:\Program Files\NetBeans-12.3\netbeans\java\maven-nblib\netbeans-eventspy.jar -Dfile.encoding=UTF-8 process-classes org.codehaus.mojo:exec-maven-plugin:3.0.0:exec

Host: AMD Ryzen 3 2200G with Radeon Vega Graphics    , 4 cores, 13G,  Windows 10 , 64 bit Build 19041 (10.0.19041.804)
Time: Tue Apr  6 17:17:34 2021 Hora oficial do Brasil elapsed time: 2.217271 seconds (0d 0h 0m 2s)

---------------  T H R E A D  ---------------

Current thread (0x000001149d040800):  JavaThread "main" [_thread_in_Java, id=3628, stack(0x000000133fc00000,0x000000133fd00000)]

Stack: [0x000000133fc00000,0x000000133fd00000],  sp=0x000000133fcfd550,  free space=1013k
Native frames: (J=compiled Java code, j=interpreted, Vv=VM code, C=native code)
C  0x00000114a54ef0d0


siginfo: EXCEPTION_ACCESS_VIOLATION (0xc0000005), reading address 0x0000000000008008


Register to memory mapping:

RIP=0x00000114a54ef0d0 is at code_begin+272 in an Interpreter codelet
checkcast  192 checkcast  [0x00000114a54eefc0, 0x00000114a54ef220]  608 bytes
RAX=0x00000008001bc210 is a pointer to class: 
org.eclipse.aether.graph.DependencyNode {0x00000008001bc218}
RBX=0x0000000000000004 is an unknown value
RCX=0x00000114c1f2c5d8 is pointing into metadata
RDX=0x0000000000008000 is an unknown value
RSP=0x000000133fcfd550 is pointing into the stack for thread: 0x000001149d040800
RBP=0x000000133fcfd598 is pointing into the stack for thread: 0x000001149d040800
RSI=0x00000000000000de is an unknown value
RDI=0x000000000000000a is an unknown value
R8 =0x000000000000000f is an unknown value
R9 =0x0000000720cd28b0 is an oop: java.lang.Class 
{0x0000000720cd28b0} - klass: 'java/lang/Class'
R10=0x00007ff99d45d0b0 jvm.dll
R11=0x0000000000000030 is an unknown value
R12=0x0 is NULL
R13=0x00000114c1f2d129 is pointing into metadata
R14=0x000000133fcfd5e0 is pointing into the stack for thread: 0x000001149d040800
R15=0x000001149d040800 is a thread


Registers:
RAX=0x00000008001bc210, RBX=0x0000000000000004, RCX=0x00000114c1f2c5d8, RDX=0x0000000000008000
RSP=0x000000133fcfd550, RBP=0x000000133fcfd598, RSI=0x00000000000000de, RDI=0x000000000000000a
R8 =0x000000000000000f, R9 =0x0000000720cd28b0, R10=0x00007ff99d45d0b0, R11=0x0000000000000030
R12=0x0000000000000000, R13=0x00000114c1f2d129, R14=0x000000133fcfd5e0, R15=0x000001149d040800
RIP=0x00000114a54ef0d0, EFLAGS=0x0000000000010246

Top of Stack: (sp=0x000000133fcfd550)
0x000000133fcfd550:   000000133fcfd550 00000114c1f2d124
0x000000133fcfd560:   000000133fcfd5e0 00000114c1f2d318
0x000000133fcfd570:   0000000000000000 000000072d2119d0
0x000000133fcfd580:   00000114c1f2d1d8 0000000000000000
0x000000133fcfd590:   000000133fcfd5d0 000000133fcfd630
0x000000133fcfd5a0:   00000114a54d9e80 000000072d221008
0x000000133fcfd5b0:   000000072d4431d8 000000072d3f0660
0x000000133fcfd5c0:   000000072d220f50 000000072d220d00
0x000000133fcfd5d0:   000000072d215b70 000000072d220cf0
0x000000133fcfd5e0:   000000072d211b28 000000133fcfd5e8
0x000000133fcfd5f0:   00000114c1f2c891 000000133fcfd6a0
0x000000133fcfd600:   00000114c1f2d318 0000000000000000
0x000000133fcfd610:   000000072d2119d0 00000114c1f2c978
0x000000133fcfd620:   000000133fcfd5d0 000000133fcfd690
0x000000133fcfd630:   000000133fcfd6f0 00000114a54d9e80
0x000000133fcfd640:   0000000000000000 0000000000000000 

Instructions: (pc=0x00000114a54ef0d0)
0x00000114a54ef0b0:   00 00 00 00 00 4d 89 97 90 03 00 00 5a eb 11 48
0x00000114a54ef0c0:   8b d0 66 8b 5c d9 40 48 8b 49 28 48 8b 44 d9 08
0x00000114a54ef0d0:   8b 5a 08 49 bc 00 00 00 00 08 00 00 00 49 03 dc
0x00000114a54ef0e0:   4d 33 e4 48 8b 4d d8 48 85 c9 0f 84 8a 00 00 00 


Stack slot to memory mapping:
stack at sp + 0 slots: 0x000000133fcfd550 is pointing into the stack for thread: 0x000001149d040800
stack at sp + 1 slots: 0x00000114c1f2d124 is pointing into metadata
stack at sp + 2 slots: 0x000000133fcfd5e0 is pointing into the stack for thread: 0x000001149d040800
stack at sp + 3 slots: 0x00000114c1f2d318 is pointing into metadata
stack at sp + 4 slots: 0x0 is NULL
stack at sp + 5 slots: 0x000000072d2119d0 is an oop: java.lang.Class 
{0x000000072d2119d0} - klass: 'java/lang/Class'
stack at sp + 6 slots: {method} {0x00000114c1f2d1e0} 'mark' '(Ljava/util/Collection;Ljava/util/Map;)Ljava/util/Map;' in 'org/eclipse/aether/util/graph/transformer/ConflictMarker'
stack at sp + 7 slots: 0x0 is NULL

checkcast  192 checkcast  [0x00000114a54eefc0, 0x00000114a54ef220]  608 bytes

---------------  P R O C E S S  ---------------

Threads class SMR info:
_java_thread_list=0x00000114c0e9fcc0, length=11, elements={
0x000001149d040800, 0x00000114bf6dc800, 0x00000114bf6e5000, 0x00000114bf745000,
0x00000114bf747000, 0x00000114bf6ef800, 0x00000114bf6f8000, 0x00000114bf6fc000,
0x00000114bf8b2000, 0x00000114bf8dd000, 0x00000114c0ff2000
}

Java Threads: ( => current thread )
=>0x000001149d040800 JavaThread "main" [_thread_in_Java, id=3628, stack(0x000000133fc00000,0x000000133fd00000)]
  0x00000114bf6dc800 JavaThread "Reference Handler" daemon [_thread_blocked, id=6008, stack(0x0000001340300000,0x0000001340400000)]
  0x00000114bf6e5000 JavaThread "Finalizer" daemon [_thread_blocked, id=1140, stack(0x0000001340400000,0x0000001340500000)]
  0x00000114bf745000 JavaThread "Signal Dispatcher" daemon [_thread_blocked, id=5472, stack(0x0000001340500000,0x0000001340600000)]
  0x00000114bf747000 JavaThread "Attach Listener" daemon [_thread_blocked, id=11516, stack(0x0000001340600000,0x0000001340700000)]
  0x00000114bf6ef800 JavaThread "C2 CompilerThread0" daemon [_thread_in_native, id=1736, stack(0x0000001340700000,0x0000001340800000)]
  0x00000114bf6f8000 JavaThread "C1 CompilerThread0" daemon [_thread_blocked, id=6636, stack(0x0000001340800000,0x0000001340900000)]
  0x00000114bf6fc000 JavaThread "Sweeper thread" daemon [_thread_blocked, id=9904, stack(0x0000001340900000,0x0000001340a00000)]
  0x00000114bf8b2000 JavaThread "Service Thread" daemon [_thread_blocked, id=8976, stack(0x0000001340a00000,0x0000001340b00000)]
  0x00000114bf8dd000 JavaThread "Common-Cleaner" daemon [_thread_blocked, id=11880, stack(0x0000001340c00000,0x0000001340d00000)]
  0x00000114c0ff2000 JavaThread "C2 CompilerThread1" daemon [_thread_in_native, id=4004, stack(0x0000001341000000,0x0000001341100000)]

Other Threads:
  0x00000114bf6b7800 VMThread "VM Thread" [stack: 0x0000001340200000,0x0000001340300000] [id=10256]
  0x00000114bf8dc000 WatcherThread [stack: 0x0000001340b00000,0x0000001340c00000] [id=1296]
  0x000001149d056800 GCTaskThread "GC Thread#0" [stack: 0x000000133fd00000,0x000000133fe00000] [id=10636]
  0x00000114c0579000 GCTaskThread "GC Thread#1" [stack: 0x0000001340d00000,0x0000001340e00000] [id=4008]
  0x00000114c0388800 GCTaskThread "GC Thread#2" [stack: 0x0000001340e00000,0x0000001340f00000] [id=6656]
  0x00000114c0389800 GCTaskThread "GC Thread#3" [stack: 0x0000001340f00000,0x0000001341000000] [id=12272]
  0x000001149d0a6800 ConcurrentGCThread "G1 Main Marker" [stack: 0x000000133fe00000,0x000000133ff00000] [id=4256]
  0x000001149d0a9800 ConcurrentGCThread "G1 Conc#0" [stack: 0x000000133ff00000,0x0000001340000000] [id=3136]
  0x00000114bed1d800 ConcurrentGCThread "G1 Refine#0" [stack: 0x0000001340000000,0x0000001340100000] [id=7852]
  0x000001149d11d800 ConcurrentGCThread "G1 Young RemSet Sampling" [stack: 0x0000001340100000,0x0000001340200000] [id=11372]

Threads with active compile tasks:
C2 CompilerThread0   2233 1205       4       java.io.WinNTFileSystem::normalize (143 bytes)
C2 CompilerThread1   2233 2279   !   4       sun.nio.cs.StreamDecoder::read (196 bytes)

VM state:not at safepoint (normal execution)

VM Mutex/Monitor currently owned by a thread: None

Heap address: 0x0000000720c00000, size: 3572 MB, Compressed Oops mode: Zero based, Oop shift amount: 3
Narrow klass base: 0x0000000800000000, Narrow klass shift: 0
Compressed class space size: 1073741824 Address: 0x0000000800000000

Heap:
 garbage-first heap   total 229376K, used 30570K [0x0000000720c00000, 0x0000000800000000)
  region size 1024K, 28 young (28672K), 2 survivors (2048K)
 Metaspace       used 20672K, capacity 21059K, committed 21296K, reserved 1069056K
  class space    used 2206K, capacity 2317K, committed 2432K, reserved 1048576K
Heap Regions: E=young(eden), S=young(survivor), O=old, HS=humongous(starts), HC=humongous(continues), CS=collection set, F=free, A=archive, TAMS=top-at-mark-start (previous, next)
|   0|0x0000000720c00000, 0x0000000720d00000, 0x0000000720d00000|100%| O|  |TAMS 0x0000000720c00000, 0x0000000720c00000| Untracked 
|   1|0x0000000720d00000, 0x0000000720e00000, 0x0000000720e00000|100%| O|  |TAMS 0x0000000720d00000, 0x0000000720d00000| Untracked 
|   2|0x0000000720e00000, 0x0000000720efde00, 0x0000000720f00000| 99%| O|  |TAMS 0x0000000720e00000, 0x0000000720e00000| Untracked 
|   3|0x0000000720f00000, 0x0000000720f00000, 0x0000000721000000|  0%| F|  |TAMS 0x0000000720f00000, 0x0000000720f00000| Untracked 
|   4|0x0000000721000000, 0x0000000721000000, 0x0000000721100000|  0%| F|  |TAMS 0x0000000721000000, 0x0000000721000000| Untracked 
|   5|0x0000000721100000, 0x0000000721100000, 0x0000000721200000|  0%| F|  |TAMS 0x0000000721100000, 0x0000000721100000| Untracked 
|   6|0x0000000721200000, 0x0000000721200000, 0x0000000721300000|  0%| F|  |TAMS 0x0000000721200000, 0x0000000721200000| Untracked 
|   7|0x0000000721300000, 0x0000000721300000, 0x0000000721400000|  0%| F|  |TAMS 0x0000000721300000, 0x0000000721300000| Untracked 
|   8|0x0000000721400000, 0x0000000721400000, 0x0000000721500000|  0%| F|  |TAMS 0x0000000721400000, 0x0000000721400000| Untracked 
|   9|0x0000000721500000, 0x0000000721500000, 0x0000000721600000|  0%| F|  |TAMS 0x0000000721500000, 0x0000000721500000| Untracked 
|  10|0x0000000721600000, 0x0000000721600000, 0x0000000721700000|  0%| F|  |TAMS 0x0000000721600000, 0x0000000721600000| Untracked 
|  11|0x0000000721700000, 0x0000000721700000, 0x0000000721800000|  0%| F|  |TAMS 0x0000000721700000, 0x0000000721700000| Untracked 
|  12|0x0000000721800000, 0x0000000721800000, 0x0000000721900000|  0%| F|  |TAMS 0x0000000721800000, 0x0000000721800000| Untracked 
|  13|0x0000000721900000, 0x0000000721900000, 0x0000000721a00000|  0%| F|  |TAMS 0x0000000721900000, 0x0000000721900000| Untracked 
|  14|0x0000000721a00000, 0x0000000721a00000, 0x0000000721b00000|  0%| F|  |TAMS 0x0000000721a00000, 0x0000000721a00000| Untracked 
|  15|0x0000000721b00000, 0x0000000721b00000, 0x0000000721c00000|  0%| F|  |TAMS 0x0000000721b00000, 0x0000000721b00000| Untracked 
|  16|0x0000000721c00000, 0x0000000721c00000, 0x0000000721d00000|  0%| F|  |TAMS 0x0000000721c00000, 0x0000000721c00000| Untracked 
|  17|0x0000000721d00000, 0x0000000721d00000, 0x0000000721e00000|  0%| F|  |TAMS 0x0000000721d00000, 0x0000000721d00000| Untracked 
|  18|0x0000000721e00000, 0x0000000721e00000, 0x0000000721f00000|  0%| F|  |TAMS 0x0000000721e00000, 0x0000000721e00000| Untracked 
|  19|0x0000000721f00000, 0x0000000721f00000, 0x0000000722000000|  0%| F|  |TAMS 0x0000000721f00000, 0x0000000721f00000| Untracked 
|  20|0x0000000722000000, 0x0000000722000000, 0x0000000722100000|  0%| F|  |TAMS 0x0000000722000000, 0x0000000722000000| Untracked 
|  21|0x0000000722100000, 0x0000000722100000, 0x0000000722200000|  0%| F|  |TAMS 0x0000000722100000, 0x0000000722100000| Untracked 
|  22|0x0000000722200000, 0x0000000722200000, 0x0000000722300000|  0%| F|  |TAMS 0x0000000722200000, 0x0000000722200000| Untracked 
|  23|0x0000000722300000, 0x0000000722300000, 0x0000000722400000|  0%| F|  |TAMS 0x0000000722300000, 0x0000000722300000| Untracked 
|  24|0x0000000722400000, 0x0000000722400000, 0x0000000722500000|  0%| F|  |TAMS 0x0000000722400000, 0x0000000722400000| Untracked 
|  25|0x0000000722500000, 0x0000000722500000, 0x0000000722600000|  0%| F|  |TAMS 0x0000000722500000, 0x0000000722500000| Untracked 
|  26|0x0000000722600000, 0x0000000722600000, 0x0000000722700000|  0%| F|  |TAMS 0x0000000722600000, 0x0000000722600000| Untracked 
|  27|0x0000000722700000, 0x0000000722700000, 0x0000000722800000|  0%| F|  |TAMS 0x0000000722700000, 0x0000000722700000| Untracked 
|  28|0x0000000722800000, 0x0000000722800000, 0x0000000722900000|  0%| F|  |TAMS 0x0000000722800000, 0x0000000722800000| Untracked 
|  29|0x0000000722900000, 0x0000000722900000, 0x0000000722a00000|  0%| F|  |TAMS 0x0000000722900000, 0x0000000722900000| Untracked 
|  30|0x0000000722a00000, 0x0000000722a00000, 0x0000000722b00000|  0%| F|  |TAMS 0x0000000722a00000, 0x0000000722a00000| Untracked 
|  31|0x0000000722b00000, 0x0000000722b00000, 0x0000000722c00000|  0%| F|  |TAMS 0x0000000722b00000, 0x0000000722b00000| Untracked 
|  32|0x0000000722c00000, 0x0000000722c00000, 0x0000000722d00000|  0%| F|  |TAMS 0x0000000722c00000, 0x0000000722c00000| Untracked 
|  33|0x0000000722d00000, 0x0000000722d00000, 0x0000000722e00000|  0%| F|  |TAMS 0x0000000722d00000, 0x0000000722d00000| Untracked 
|  34|0x0000000722e00000, 0x0000000722e00000, 0x0000000722f00000|  0%| F|  |TAMS 0x0000000722e00000, 0x0000000722e00000| Untracked 
|  35|0x0000000722f00000, 0x0000000722f00000, 0x0000000723000000|  0%| F|  |TAMS 0x0000000722f00000, 0x0000000722f00000| Untracked 
|  36|0x0000000723000000, 0x0000000723000000, 0x0000000723100000|  0%| F|  |TAMS 0x0000000723000000, 0x0000000723000000| Untracked 
|  37|0x0000000723100000, 0x0000000723100000, 0x0000000723200000|  0%| F|  |TAMS 0x0000000723100000, 0x0000000723100000| Untracked 
|  38|0x0000000723200000, 0x0000000723200000, 0x0000000723300000|  0%| F|  |TAMS 0x0000000723200000, 0x0000000723200000| Untracked 
|  39|0x0000000723300000, 0x0000000723300000, 0x0000000723400000|  0%| F|  |TAMS 0x0000000723300000, 0x0000000723300000| Untracked 
|  40|0x0000000723400000, 0x0000000723400000, 0x0000000723500000|  0%| F|  |TAMS 0x0000000723400000, 0x0000000723400000| Untracked 
|  41|0x0000000723500000, 0x0000000723500000, 0x0000000723600000|  0%| F|  |TAMS 0x0000000723500000, 0x0000000723500000| Untracked 
|  42|0x0000000723600000, 0x0000000723600000, 0x0000000723700000|  0%| F|  |TAMS 0x0000000723600000, 0x0000000723600000| Untracked 
|  43|0x0000000723700000, 0x0000000723700000, 0x0000000723800000|  0%| F|  |TAMS 0x0000000723700000, 0x0000000723700000| Untracked 
|  44|0x0000000723800000, 0x0000000723800000, 0x0000000723900000|  0%| F|  |TAMS 0x0000000723800000, 0x0000000723800000| Untracked 
|  45|0x0000000723900000, 0x0000000723900000, 0x0000000723a00000|  0%| F|  |TAMS 0x0000000723900000, 0x0000000723900000| Untracked 
|  46|0x0000000723a00000, 0x0000000723a00000, 0x0000000723b00000|  0%| F|  |TAMS 0x0000000723a00000, 0x0000000723a00000| Untracked 
|  47|0x0000000723b00000, 0x0000000723b00000, 0x0000000723c00000|  0%| F|  |TAMS 0x0000000723b00000, 0x0000000723b00000| Untracked 
|  48|0x0000000723c00000, 0x0000000723c00000, 0x0000000723d00000|  0%| F|  |TAMS 0x0000000723c00000, 0x0000000723c00000| Untracked 
|  49|0x0000000723d00000, 0x0000000723d00000, 0x0000000723e00000|  0%| F|  |TAMS 0x0000000723d00000, 0x0000000723d00000| Untracked 
|  50|0x0000000723e00000, 0x0000000723e00000, 0x0000000723f00000|  0%| F|  |TAMS 0x0000000723e00000, 0x0000000723e00000| Untracked 
|  51|0x0000000723f00000, 0x0000000723f00000, 0x0000000724000000|  0%| F|  |TAMS 0x0000000723f00000, 0x0000000723f00000| Untracked 
|  52|0x0000000724000000, 0x0000000724000000, 0x0000000724100000|  0%| F|  |TAMS 0x0000000724000000, 0x0000000724000000| Untracked 
|  53|0x0000000724100000, 0x0000000724100000, 0x0000000724200000|  0%| F|  |TAMS 0x0000000724100000, 0x0000000724100000| Untracked 
|  54|0x0000000724200000, 0x0000000724200000, 0x0000000724300000|  0%| F|  |TAMS 0x0000000724200000, 0x0000000724200000| Untracked 
|  55|0x0000000724300000, 0x0000000724300000, 0x0000000724400000|  0%| F|  |TAMS 0x0000000724300000, 0x0000000724300000| Untracked 
|  56|0x0000000724400000, 0x0000000724400000, 0x0000000724500000|  0%| F|  |TAMS 0x0000000724400000, 0x0000000724400000| Untracked 
|  57|0x0000000724500000, 0x0000000724500000, 0x0000000724600000|  0%| F|  |TAMS 0x0000000724500000, 0x0000000724500000| Untracked 
|  58|0x0000000724600000, 0x0000000724600000, 0x0000000724700000|  0%| F|  |TAMS 0x0000000724600000, 0x0000000724600000| Untracked 
|  59|0x0000000724700000, 0x0000000724700000, 0x0000000724800000|  0%| F|  |TAMS 0x0000000724700000, 0x0000000724700000| Untracked 
|  60|0x0000000724800000, 0x0000000724800000, 0x0000000724900000|  0%| F|  |TAMS 0x0000000724800000, 0x0000000724800000| Untracked 
|  61|0x0000000724900000, 0x0000000724900000, 0x0000000724a00000|  0%| F|  |TAMS 0x0000000724900000, 0x0000000724900000| Untracked 
|  62|0x0000000724a00000, 0x0000000724a00000, 0x0000000724b00000|  0%| F|  |TAMS 0x0000000724a00000, 0x0000000724a00000| Untracked 
|  63|0x0000000724b00000, 0x0000000724b00000, 0x0000000724c00000|  0%| F|  |TAMS 0x0000000724b00000, 0x0000000724b00000| Untracked 
|  64|0x0000000724c00000, 0x0000000724c00000, 0x0000000724d00000|  0%| F|  |TAMS 0x0000000724c00000, 0x0000000724c00000| Untracked 
|  65|0x0000000724d00000, 0x0000000724d00000, 0x0000000724e00000|  0%| F|  |TAMS 0x0000000724d00000, 0x0000000724d00000| Untracked 
|  66|0x0000000724e00000, 0x0000000724e00000, 0x0000000724f00000|  0%| F|  |TAMS 0x0000000724e00000, 0x0000000724e00000| Untracked 
|  67|0x0000000724f00000, 0x0000000724f00000, 0x0000000725000000|  0%| F|  |TAMS 0x0000000724f00000, 0x0000000724f00000| Untracked 
|  68|0x0000000725000000, 0x0000000725000000, 0x0000000725100000|  0%| F|  |TAMS 0x0000000725000000, 0x0000000725000000| Untracked 
|  69|0x0000000725100000, 0x0000000725100000, 0x0000000725200000|  0%| F|  |TAMS 0x0000000725100000, 0x0000000725100000| Untracked 
|  70|0x0000000725200000, 0x0000000725200000, 0x0000000725300000|  0%| F|  |TAMS 0x0000000725200000, 0x0000000725200000| Untracked 
|  71|0x0000000725300000, 0x0000000725300000, 0x0000000725400000|  0%| F|  |TAMS 0x0000000725300000, 0x0000000725300000| Untracked 
|  72|0x0000000725400000, 0x0000000725400000, 0x0000000725500000|  0%| F|  |TAMS 0x0000000725400000, 0x0000000725400000| Untracked 
|  73|0x0000000725500000, 0x0000000725500000, 0x0000000725600000|  0%| F|  |TAMS 0x0000000725500000, 0x0000000725500000| Untracked 
|  74|0x0000000725600000, 0x0000000725600000, 0x0000000725700000|  0%| F|  |TAMS 0x0000000725600000, 0x0000000725600000| Untracked 
|  75|0x0000000725700000, 0x0000000725700000, 0x0000000725800000|  0%| F|  |TAMS 0x0000000725700000, 0x0000000725700000| Untracked 
|  76|0x0000000725800000, 0x0000000725800000, 0x0000000725900000|  0%| F|  |TAMS 0x0000000725800000, 0x0000000725800000| Untracked 
|  77|0x0000000725900000, 0x0000000725900000, 0x0000000725a00000|  0%| F|  |TAMS 0x0000000725900000, 0x0000000725900000| Untracked 
|  78|0x0000000725a00000, 0x0000000725a00000, 0x0000000725b00000|  0%| F|  |TAMS 0x0000000725a00000, 0x0000000725a00000| Untracked 
|  79|0x0000000725b00000, 0x0000000725b00000, 0x0000000725c00000|  0%| F|  |TAMS 0x0000000725b00000, 0x0000000725b00000| Untracked 
|  80|0x0000000725c00000, 0x0000000725c00000, 0x0000000725d00000|  0%| F|  |TAMS 0x0000000725c00000, 0x0000000725c00000| Untracked 
|  81|0x0000000725d00000, 0x0000000725d00000, 0x0000000725e00000|  0%| F|  |TAMS 0x0000000725d00000, 0x0000000725d00000| Untracked 
|  82|0x0000000725e00000, 0x0000000725e00000, 0x0000000725f00000|  0%| F|  |TAMS 0x0000000725e00000, 0x0000000725e00000| Untracked 
|  83|0x0000000725f00000, 0x0000000725f00000, 0x0000000726000000|  0%| F|  |TAMS 0x0000000725f00000, 0x0000000725f00000| Untracked 
|  84|0x0000000726000000, 0x0000000726000000, 0x0000000726100000|  0%| F|  |TAMS 0x0000000726000000, 0x0000000726000000| Untracked 
|  85|0x0000000726100000, 0x0000000726100000, 0x0000000726200000|  0%| F|  |TAMS 0x0000000726100000, 0x0000000726100000| Untracked 
|  86|0x0000000726200000, 0x0000000726200000, 0x0000000726300000|  0%| F|  |TAMS 0x0000000726200000, 0x0000000726200000| Untracked 
|  87|0x0000000726300000, 0x0000000726300000, 0x0000000726400000|  0%| F|  |TAMS 0x0000000726300000, 0x0000000726300000| Untracked 
|  88|0x0000000726400000, 0x0000000726400000, 0x0000000726500000|  0%| F|  |TAMS 0x0000000726400000, 0x0000000726400000| Untracked 
|  89|0x0000000726500000, 0x0000000726500000, 0x0000000726600000|  0%| F|  |TAMS 0x0000000726500000, 0x0000000726500000| Untracked 
|  90|0x0000000726600000, 0x0000000726600000, 0x0000000726700000|  0%| F|  |TAMS 0x0000000726600000, 0x0000000726600000| Untracked 
|  91|0x0000000726700000, 0x0000000726700000, 0x0000000726800000|  0%| F|  |TAMS 0x0000000726700000, 0x0000000726700000| Untracked 
|  92|0x0000000726800000, 0x0000000726800000, 0x0000000726900000|  0%| F|  |TAMS 0x0000000726800000, 0x0000000726800000| Untracked 
|  93|0x0000000726900000, 0x0000000726900000, 0x0000000726a00000|  0%| F|  |TAMS 0x0000000726900000, 0x0000000726900000| Untracked 
|  94|0x0000000726a00000, 0x0000000726a00000, 0x0000000726b00000|  0%| F|  |TAMS 0x0000000726a00000, 0x0000000726a00000| Untracked 
|  95|0x0000000726b00000, 0x0000000726b00000, 0x0000000726c00000|  0%| F|  |TAMS 0x0000000726b00000, 0x0000000726b00000| Untracked 
|  96|0x0000000726c00000, 0x0000000726c00000, 0x0000000726d00000|  0%| F|  |TAMS 0x0000000726c00000, 0x0000000726c00000| Untracked 
|  97|0x0000000726d00000, 0x0000000726d00000, 0x0000000726e00000|  0%| F|  |TAMS 0x0000000726d00000, 0x0000000726d00000| Untracked 
|  98|0x0000000726e00000, 0x0000000726e00000, 0x0000000726f00000|  0%| F|  |TAMS 0x0000000726e00000, 0x0000000726e00000| Untracked 
|  99|0x0000000726f00000, 0x0000000726f00000, 0x0000000727000000|  0%| F|  |TAMS 0x0000000726f00000, 0x0000000726f00000| Untracked 
| 100|0x0000000727000000, 0x0000000727000000, 0x0000000727100000|  0%| F|  |TAMS 0x0000000727000000, 0x0000000727000000| Untracked 
| 101|0x0000000727100000, 0x0000000727100000, 0x0000000727200000|  0%| F|  |TAMS 0x0000000727100000, 0x0000000727100000| Untracked 
| 102|0x0000000727200000, 0x0000000727200000, 0x0000000727300000|  0%| F|  |TAMS 0x0000000727200000, 0x0000000727200000| Untracked 
| 103|0x0000000727300000, 0x0000000727300000, 0x0000000727400000|  0%| F|  |TAMS 0x0000000727300000, 0x0000000727300000| Untracked 
| 104|0x0000000727400000, 0x0000000727400000, 0x0000000727500000|  0%| F|  |TAMS 0x0000000727400000, 0x0000000727400000| Untracked 
| 105|0x0000000727500000, 0x0000000727500000, 0x0000000727600000|  0%| F|  |TAMS 0x0000000727500000, 0x0000000727500000| Untracked 
| 106|0x0000000727600000, 0x0000000727600000, 0x0000000727700000|  0%| F|  |TAMS 0x0000000727600000, 0x0000000727600000| Untracked 
| 107|0x0000000727700000, 0x0000000727700000, 0x0000000727800000|  0%| F|  |TAMS 0x0000000727700000, 0x0000000727700000| Untracked 
| 108|0x0000000727800000, 0x0000000727800000, 0x0000000727900000|  0%| F|  |TAMS 0x0000000727800000, 0x0000000727800000| Untracked 
| 109|0x0000000727900000, 0x0000000727900000, 0x0000000727a00000|  0%| F|  |TAMS 0x0000000727900000, 0x0000000727900000| Untracked 
| 110|0x0000000727a00000, 0x0000000727a00000, 0x0000000727b00000|  0%| F|  |TAMS 0x0000000727a00000, 0x0000000727a00000| Untracked 
| 111|0x0000000727b00000, 0x0000000727b00000, 0x0000000727c00000|  0%| F|  |TAMS 0x0000000727b00000, 0x0000000727b00000| Untracked 
| 112|0x0000000727c00000, 0x0000000727c00000, 0x0000000727d00000|  0%| F|  |TAMS 0x0000000727c00000, 0x0000000727c00000| Untracked 
| 113|0x0000000727d00000, 0x0000000727d00000, 0x0000000727e00000|  0%| F|  |TAMS 0x0000000727d00000, 0x0000000727d00000| Untracked 
| 114|0x0000000727e00000, 0x0000000727e00000, 0x0000000727f00000|  0%| F|  |TAMS 0x0000000727e00000, 0x0000000727e00000| Untracked 
| 115|0x0000000727f00000, 0x0000000727f00000, 0x0000000728000000|  0%| F|  |TAMS 0x0000000727f00000, 0x0000000727f00000| Untracked 
| 116|0x0000000728000000, 0x0000000728000000, 0x0000000728100000|  0%| F|  |TAMS 0x0000000728000000, 0x0000000728000000| Untracked 
| 117|0x0000000728100000, 0x0000000728100000, 0x0000000728200000|  0%| F|  |TAMS 0x0000000728100000, 0x0000000728100000| Untracked 
| 118|0x0000000728200000, 0x0000000728200000, 0x0000000728300000|  0%| F|  |TAMS 0x0000000728200000, 0x0000000728200000| Untracked 
| 119|0x0000000728300000, 0x0000000728300000, 0x0000000728400000|  0%| F|  |TAMS 0x0000000728300000, 0x0000000728300000| Untracked 
| 120|0x0000000728400000, 0x0000000728400000, 0x0000000728500000|  0%| F|  |TAMS 0x0000000728400000, 0x0000000728400000| Untracked 
| 121|0x0000000728500000, 0x0000000728500000, 0x0000000728600000|  0%| F|  |TAMS 0x0000000728500000, 0x0000000728500000| Untracked 
| 122|0x0000000728600000, 0x0000000728600000, 0x0000000728700000|  0%| F|  |TAMS 0x0000000728600000, 0x0000000728600000| Untracked 
| 123|0x0000000728700000, 0x0000000728700000, 0x0000000728800000|  0%| F|  |TAMS 0x0000000728700000, 0x0000000728700000| Untracked 
| 124|0x0000000728800000, 0x0000000728800000, 0x0000000728900000|  0%| F|  |TAMS 0x0000000728800000, 0x0000000728800000| Untracked 
| 125|0x0000000728900000, 0x0000000728900000, 0x0000000728a00000|  0%| F|  |TAMS 0x0000000728900000, 0x0000000728900000| Untracked 
| 126|0x0000000728a00000, 0x0000000728a00000, 0x0000000728b00000|  0%| F|  |TAMS 0x0000000728a00000, 0x0000000728a00000| Untracked 
| 127|0x0000000728b00000, 0x0000000728b00000, 0x0000000728c00000|  0%| F|  |TAMS 0x0000000728b00000, 0x0000000728b00000| Untracked 
| 128|0x0000000728c00000, 0x0000000728c00000, 0x0000000728d00000|  0%| F|  |TAMS 0x0000000728c00000, 0x0000000728c00000| Untracked 
| 129|0x0000000728d00000, 0x0000000728d00000, 0x0000000728e00000|  0%| F|  |TAMS 0x0000000728d00000, 0x0000000728d00000| Untracked 
| 130|0x0000000728e00000, 0x0000000728e00000, 0x0000000728f00000|  0%| F|  |TAMS 0x0000000728e00000, 0x0000000728e00000| Untracked 
| 131|0x0000000728f00000, 0x0000000728f00000, 0x0000000729000000|  0%| F|  |TAMS 0x0000000728f00000, 0x0000000728f00000| Untracked 
| 132|0x0000000729000000, 0x0000000729000000, 0x0000000729100000|  0%| F|  |TAMS 0x0000000729000000, 0x0000000729000000| Untracked 
| 133|0x0000000729100000, 0x0000000729100000, 0x0000000729200000|  0%| F|  |TAMS 0x0000000729100000, 0x0000000729100000| Untracked 
| 134|0x0000000729200000, 0x0000000729200000, 0x0000000729300000|  0%| F|  |TAMS 0x0000000729200000, 0x0000000729200000| Untracked 
| 135|0x0000000729300000, 0x0000000729300000, 0x0000000729400000|  0%| F|  |TAMS 0x0000000729300000, 0x0000000729300000| Untracked 
| 136|0x0000000729400000, 0x0000000729400000, 0x0000000729500000|  0%| F|  |TAMS 0x0000000729400000, 0x0000000729400000| Untracked 
| 137|0x0000000729500000, 0x0000000729500000, 0x0000000729600000|  0%| F|  |TAMS 0x0000000729500000, 0x0000000729500000| Untracked 
| 138|0x0000000729600000, 0x0000000729600000, 0x0000000729700000|  0%| F|  |TAMS 0x0000000729600000, 0x0000000729600000| Untracked 
| 139|0x0000000729700000, 0x0000000729700000, 0x0000000729800000|  0%| F|  |TAMS 0x0000000729700000, 0x0000000729700000| Untracked 
| 140|0x0000000729800000, 0x0000000729800000, 0x0000000729900000|  0%| F|  |TAMS 0x0000000729800000, 0x0000000729800000| Untracked 
| 141|0x0000000729900000, 0x0000000729900000, 0x0000000729a00000|  0%| F|  |TAMS 0x0000000729900000, 0x0000000729900000| Untracked 
| 142|0x0000000729a00000, 0x0000000729a00000, 0x0000000729b00000|  0%| F|  |TAMS 0x0000000729a00000, 0x0000000729a00000| Untracked 
| 143|0x0000000729b00000, 0x0000000729b00000, 0x0000000729c00000|  0%| F|  |TAMS 0x0000000729b00000, 0x0000000729b00000| Untracked 
| 144|0x0000000729c00000, 0x0000000729c00000, 0x0000000729d00000|  0%| F|  |TAMS 0x0000000729c00000, 0x0000000729c00000| Untracked 
| 145|0x0000000729d00000, 0x0000000729d00000, 0x0000000729e00000|  0%| F|  |TAMS 0x0000000729d00000, 0x0000000729d00000| Untracked 
| 146|0x0000000729e00000, 0x0000000729e00000, 0x0000000729f00000|  0%| F|  |TAMS 0x0000000729e00000, 0x0000000729e00000| Untracked 
| 147|0x0000000729f00000, 0x0000000729f00000, 0x000000072a000000|  0%| F|  |TAMS 0x0000000729f00000, 0x0000000729f00000| Untracked 
| 148|0x000000072a000000, 0x000000072a000000, 0x000000072a100000|  0%| F|  |TAMS 0x000000072a000000, 0x000000072a000000| Untracked 
| 149|0x000000072a100000, 0x000000072a100000, 0x000000072a200000|  0%| F|  |TAMS 0x000000072a100000, 0x000000072a100000| Untracked 
| 150|0x000000072a200000, 0x000000072a200000, 0x000000072a300000|  0%| F|  |TAMS 0x000000072a200000, 0x000000072a200000| Untracked 
| 151|0x000000072a300000, 0x000000072a300000, 0x000000072a400000|  0%| F|  |TAMS 0x000000072a300000, 0x000000072a300000| Untracked 
| 152|0x000000072a400000, 0x000000072a400000, 0x000000072a500000|  0%| F|  |TAMS 0x000000072a400000, 0x000000072a400000| Untracked 
| 153|0x000000072a500000, 0x000000072a500000, 0x000000072a600000|  0%| F|  |TAMS 0x000000072a500000, 0x000000072a500000| Untracked 
| 154|0x000000072a600000, 0x000000072a600000, 0x000000072a700000|  0%| F|  |TAMS 0x000000072a600000, 0x000000072a600000| Untracked 
| 155|0x000000072a700000, 0x000000072a700000, 0x000000072a800000|  0%| F|  |TAMS 0x000000072a700000, 0x000000072a700000| Untracked 
| 156|0x000000072a800000, 0x000000072a800000, 0x000000072a900000|  0%| F|  |TAMS 0x000000072a800000, 0x000000072a800000| Untracked 
| 157|0x000000072a900000, 0x000000072a900000, 0x000000072aa00000|  0%| F|  |TAMS 0x000000072a900000, 0x000000072a900000| Untracked 
| 158|0x000000072aa00000, 0x000000072aa00000, 0x000000072ab00000|  0%| F|  |TAMS 0x000000072aa00000, 0x000000072aa00000| Untracked 
| 159|0x000000072ab00000, 0x000000072ab00000, 0x000000072ac00000|  0%| F|  |TAMS 0x000000072ab00000, 0x000000072ab00000| Untracked 
| 160|0x000000072ac00000, 0x000000072ac00000, 0x000000072ad00000|  0%| F|  |TAMS 0x000000072ac00000, 0x000000072ac00000| Untracked 
| 161|0x000000072ad00000, 0x000000072ad00000, 0x000000072ae00000|  0%| F|  |TAMS 0x000000072ad00000, 0x000000072ad00000| Untracked 
| 162|0x000000072ae00000, 0x000000072ae00000, 0x000000072af00000|  0%| F|  |TAMS 0x000000072ae00000, 0x000000072ae00000| Untracked 
| 163|0x000000072af00000, 0x000000072af00000, 0x000000072b000000|  0%| F|  |TAMS 0x000000072af00000, 0x000000072af00000| Untracked 
| 164|0x000000072b000000, 0x000000072b000000, 0x000000072b100000|  0%| F|  |TAMS 0x000000072b000000, 0x000000072b000000| Untracked 
| 165|0x000000072b100000, 0x000000072b100000, 0x000000072b200000|  0%| F|  |TAMS 0x000000072b100000, 0x000000072b100000| Untracked 
| 166|0x000000072b200000, 0x000000072b200000, 0x000000072b300000|  0%| F|  |TAMS 0x000000072b200000, 0x000000072b200000| Untracked 
| 167|0x000000072b300000, 0x000000072b300000, 0x000000072b400000|  0%| F|  |TAMS 0x000000072b300000, 0x000000072b300000| Untracked 
| 168|0x000000072b400000, 0x000000072b400000, 0x000000072b500000|  0%| F|  |TAMS 0x000000072b400000, 0x000000072b400000| Untracked 
| 169|0x000000072b500000, 0x000000072b500000, 0x000000072b600000|  0%| F|  |TAMS 0x000000072b500000, 0x000000072b500000| Untracked 
| 170|0x000000072b600000, 0x000000072b600000, 0x000000072b700000|  0%| F|  |TAMS 0x000000072b600000, 0x000000072b600000| Untracked 
| 171|0x000000072b700000, 0x000000072b700000, 0x000000072b800000|  0%| F|  |TAMS 0x000000072b700000, 0x000000072b700000| Untracked 
| 172|0x000000072b800000, 0x000000072b800000, 0x000000072b900000|  0%| F|  |TAMS 0x000000072b800000, 0x000000072b800000| Untracked 
| 173|0x000000072b900000, 0x000000072b900000, 0x000000072ba00000|  0%| F|  |TAMS 0x000000072b900000, 0x000000072b900000| Untracked 
| 174|0x000000072ba00000, 0x000000072ba00000, 0x000000072bb00000|  0%| F|  |TAMS 0x000000072ba00000, 0x000000072ba00000| Untracked 
| 175|0x000000072bb00000, 0x000000072bb00000, 0x000000072bc00000|  0%| F|  |TAMS 0x000000072bb00000, 0x000000072bb00000| Untracked 
| 176|0x000000072bc00000, 0x000000072bc00000, 0x000000072bd00000|  0%| F|  |TAMS 0x000000072bc00000, 0x000000072bc00000| Untracked 
| 177|0x000000072bd00000, 0x000000072bd00000, 0x000000072be00000|  0%| F|  |TAMS 0x000000072bd00000, 0x000000072bd00000| Untracked 
| 178|0x000000072be00000, 0x000000072be00000, 0x000000072bf00000|  0%| F|  |TAMS 0x000000072be00000, 0x000000072be00000| Untracked 
| 179|0x000000072bf00000, 0x000000072bf00000, 0x000000072c000000|  0%| F|  |TAMS 0x000000072bf00000, 0x000000072bf00000| Untracked 
| 180|0x000000072c000000, 0x000000072c000000, 0x000000072c100000|  0%| F|  |TAMS 0x000000072c000000, 0x000000072c000000| Untracked 
| 181|0x000000072c100000, 0x000000072c100000, 0x000000072c200000|  0%| F|  |TAMS 0x000000072c100000, 0x000000072c100000| Untracked 
| 182|0x000000072c200000, 0x000000072c200000, 0x000000072c300000|  0%| F|  |TAMS 0x000000072c200000, 0x000000072c200000| Untracked 
| 183|0x000000072c300000, 0x000000072c300000, 0x000000072c400000|  0%| F|  |TAMS 0x000000072c300000, 0x000000072c300000| Untracked 
| 184|0x000000072c400000, 0x000000072c400000, 0x000000072c500000|  0%| F|  |TAMS 0x000000072c400000, 0x000000072c400000| Untracked 
| 185|0x000000072c500000, 0x000000072c500000, 0x000000072c600000|  0%| F|  |TAMS 0x000000072c500000, 0x000000072c500000| Untracked 
| 186|0x000000072c600000, 0x000000072c600000, 0x000000072c700000|  0%| F|  |TAMS 0x000000072c600000, 0x000000072c600000| Untracked 
| 187|0x000000072c700000, 0x000000072c700000, 0x000000072c800000|  0%| F|  |TAMS 0x000000072c700000, 0x000000072c700000| Untracked 
| 188|0x000000072c800000, 0x000000072c800000, 0x000000072c900000|  0%| F|  |TAMS 0x000000072c800000, 0x000000072c800000| Untracked 
| 189|0x000000072c900000, 0x000000072c900000, 0x000000072ca00000|  0%| F|  |TAMS 0x000000072c900000, 0x000000072c900000| Untracked 
| 190|0x000000072ca00000, 0x000000072cadca70, 0x000000072cb00000| 86%| S|CS|TAMS 0x000000072ca00000, 0x000000072ca00000| Complete 
| 191|0x000000072cb00000, 0x000000072cc00000, 0x000000072cc00000|100%| S|CS|TAMS 0x000000072cb00000, 0x000000072cb00000| Complete 
| 192|0x000000072cc00000, 0x000000072cc00000, 0x000000072cd00000|  0%| F|  |TAMS 0x000000072cc00000, 0x000000072cc00000| Untracked 
| 193|0x000000072cd00000, 0x000000072cd00000, 0x000000072ce00000|  0%| F|  |TAMS 0x000000072cd00000, 0x000000072cd00000| Untracked 
| 194|0x000000072ce00000, 0x000000072ce00000, 0x000000072cf00000|  0%| F|  |TAMS 0x000000072ce00000, 0x000000072ce00000| Untracked 
| 195|0x000000072cf00000, 0x000000072cf00000, 0x000000072d000000|  0%| F|  |TAMS 0x000000072cf00000, 0x000000072cf00000| Untracked 
| 196|0x000000072d000000, 0x000000072d000000, 0x000000072d100000|  0%| F|  |TAMS 0x000000072d000000, 0x000000072d000000| Untracked 
| 197|0x000000072d100000, 0x000000072d100000, 0x000000072d200000|  0%| F|  |TAMS 0x000000072d100000, 0x000000072d100000| Untracked 
| 198|0x000000072d200000, 0x000000072d282328, 0x000000072d300000| 50%| E|  |TAMS 0x000000072d200000, 0x000000072d200000| Complete 
| 199|0x000000072d300000, 0x000000072d400000, 0x000000072d400000|100%| E|CS|TAMS 0x000000072d300000, 0x000000072d300000| Complete 
| 200|0x000000072d400000, 0x000000072d500000, 0x000000072d500000|100%| E|CS|TAMS 0x000000072d400000, 0x000000072d400000| Complete 
| 201|0x000000072d500000, 0x000000072d600000, 0x000000072d600000|100%| E|CS|TAMS 0x000000072d500000, 0x000000072d500000| Complete 
| 202|0x000000072d600000, 0x000000072d700000, 0x000000072d700000|100%| E|CS|TAMS 0x000000072d600000, 0x000000072d600000| Complete 
| 203|0x000000072d700000, 0x000000072d800000, 0x000000072d800000|100%| E|CS|TAMS 0x000000072d700000, 0x000000072d700000| Complete 
| 204|0x000000072d800000, 0x000000072d900000, 0x000000072d900000|100%| E|CS|TAMS 0x000000072d800000, 0x000000072d800000| Complete 
| 205|0x000000072d900000, 0x000000072da00000, 0x000000072da00000|100%| E|CS|TAMS 0x000000072d900000, 0x000000072d900000| Complete 
| 206|0x000000072da00000, 0x000000072db00000, 0x000000072db00000|100%| E|CS|TAMS 0x000000072da00000, 0x000000072da00000| Complete 
| 207|0x000000072db00000, 0x000000072dc00000, 0x000000072dc00000|100%| E|CS|TAMS 0x000000072db00000, 0x000000072db00000| Complete 
| 208|0x000000072dc00000, 0x000000072dd00000, 0x000000072dd00000|100%| E|CS|TAMS 0x000000072dc00000, 0x000000072dc00000| Complete 
| 209|0x000000072dd00000, 0x000000072de00000, 0x000000072de00000|100%| E|CS|TAMS 0x000000072dd00000, 0x000000072dd00000| Complete 
| 210|0x000000072de00000, 0x000000072df00000, 0x000000072df00000|100%| E|CS|TAMS 0x000000072de00000, 0x000000072de00000| Complete 
| 211|0x000000072df00000, 0x000000072e000000, 0x000000072e000000|100%| E|CS|TAMS 0x000000072df00000, 0x000000072df00000| Complete 
| 212|0x000000072e000000, 0x000000072e100000, 0x000000072e100000|100%| E|CS|TAMS 0x000000072e000000, 0x000000072e000000| Complete 
| 213|0x000000072e100000, 0x000000072e200000, 0x000000072e200000|100%| E|CS|TAMS 0x000000072e100000, 0x000000072e100000| Complete 
| 214|0x000000072e200000, 0x000000072e300000, 0x000000072e300000|100%| E|CS|TAMS 0x000000072e200000, 0x000000072e200000| Complete 
| 215|0x000000072e300000, 0x000000072e400000, 0x000000072e400000|100%| E|CS|TAMS 0x000000072e300000, 0x000000072e300000| Complete 
| 216|0x000000072e400000, 0x000000072e500000, 0x000000072e500000|100%| E|CS|TAMS 0x000000072e400000, 0x000000072e400000| Complete 
| 217|0x000000072e500000, 0x000000072e600000, 0x000000072e600000|100%| E|CS|TAMS 0x000000072e500000, 0x000000072e500000| Complete 
| 218|0x000000072e600000, 0x000000072e700000, 0x000000072e700000|100%| E|CS|TAMS 0x000000072e600000, 0x000000072e600000| Complete 
| 219|0x000000072e700000, 0x000000072e800000, 0x000000072e800000|100%| E|CS|TAMS 0x000000072e700000, 0x000000072e700000| Complete 
| 220|0x000000072e800000, 0x000000072e900000, 0x000000072e900000|100%| E|CS|TAMS 0x000000072e800000, 0x000000072e800000| Complete 
| 221|0x000000072e900000, 0x000000072ea00000, 0x000000072ea00000|100%| E|CS|TAMS 0x000000072e900000, 0x000000072e900000| Complete 
| 222|0x000000072ea00000, 0x000000072eb00000, 0x000000072eb00000|100%| E|CS|TAMS 0x000000072ea00000, 0x000000072ea00000| Complete 
| 223|0x000000072eb00000, 0x000000072ec00000, 0x000000072ec00000|100%| E|CS|TAMS 0x000000072eb00000, 0x000000072eb00000| Complete 

Card table byte_map: [0x00000114b4bd0000,0x00000114b52d0000] _byte_map_base: 0x00000114b12ca000

Marking Bits (Prev, Next): (CMBitMap*) 0x000001149d097898, (CMBitMap*) 0x000001149d0978d0
 Prev Bits: [0x00000114b59d0000, 0x00000114b91a0000)
 Next Bits: [0x00000114b91a0000, 0x00000114bc970000)

Polling page: 0x000001149aec0000

Metaspace:

Usage:
  Non-class:     18.30 MB capacity,    18.03 MB ( 99%) used,   253.30 KB (  1%) free+waste,    23.13 KB ( <1%) overhead. 
      Class:      2.26 MB capacity,     2.15 MB ( 95%) used,   101.36 KB (  4%) free+waste,     9.19 KB ( <1%) overhead. 
       Both:     20.57 MB capacity,    20.19 MB ( 98%) used,   354.66 KB (  2%) free+waste,    32.31 KB ( <1%) overhead. 

Virtual space:
  Non-class space:       20.00 MB reserved,      18.42 MB ( 92%) committed 
      Class space:        1.00 GB reserved,       2.38 MB ( <1%) committed 
             Both:        1.02 GB reserved,      20.80 MB (  2%) committed 

Chunk freelists:
   Non-Class:  1.25 KB
       Class:  2.38 KB
        Both:  3.63 KB

CodeHeap 'non-profiled nmethods': size=120064Kb used=866Kb max_used=866Kb free=119198Kb
 bounds [0x00000114acf90000, 0x00000114ad200000, 0x00000114b44d0000]
CodeHeap 'profiled nmethods': size=120000Kb used=5027Kb max_used=5027Kb free=114972Kb
 bounds [0x00000114a5a60000, 0x00000114a5f50000, 0x00000114acf90000]
CodeHeap 'non-nmethods': size=5696Kb used=1116Kb max_used=1138Kb free=4579Kb
 bounds [0x00000114a54d0000, 0x00000114a5740000, 0x00000114a5a60000]
 total_blobs=2791 nmethods=2366 adapters=336
 compilation: enabled
              stopped_count=0, restarted_count=0
 full_count=0

Compilation events (10 events):
Event: 2.212 Thread 0x00000114bf6f8000 2376       2       java.lang.CharacterDataLatin1::toTitleCase (6 bytes)
Event: 2.212 Thread 0x00000114bf6f8000 nmethod 2376 0x00000114a5f46e10 code [0x00000114a5f46fc0, 0x00000114a5f470c8]
Event: 2.212 Thread 0x00000114bf6f8000 2377       2       org.codehaus.plexus.interpolation.reflection.ReflectionValueExtractor$Tokenizer::skipChar (37 bytes)
Event: 2.212 Thread 0x00000114bf6f8000 nmethod 2377 0x00000114a5f47190 code [0x00000114a5f47340, 0x00000114a5f475f8]
Event: 2.212 Thread 0x00000114bf6f8000 2378   !   2       org.codehaus.plexus.interpolation.reflection.ReflectionValueExtractor::getPropertyValue (114 bytes)
Event: 2.213 Thread 0x00000114bf6f8000 nmethod 2378 0x00000114a5f47790 code [0x00000114a5f47a40, 0x00000114a5f48238]
Event: 2.213 Thread 0x00000114bf6f8000 2379       2       org.codehaus.plexus.interpolation.reflection.ReflectionValueExtractor::getClassMap (58 bytes)
Event: 2.213 Thread 0x00000114bf6f8000 nmethod 2379 0x00000114a5f48710 code [0x00000114a5f48900, 0x00000114a5f48cd8]
Event: 2.216 Thread 0x00000114bf6f8000 2380       1       org.eclipse.aether.graph.Dependency::getArtifact (5 bytes)
Event: 2.216 Thread 0x00000114bf6f8000 nmethod 2380 0x00000114ad065790 code [0x00000114ad065920, 0x00000114ad0659d8]

GC Heap History (6 events):
Event: 0.589 GC heap before
{Heap before GC invocations=0 (full 0):
 garbage-first heap   total 229376K, used 14336K [0x0000000720c00000, 0x0000000800000000)
  region size 1024K, 14 young (14336K), 0 survivors (0K)
 Metaspace       used 10980K, capacity 11145K, committed 11392K, reserved 1058816K
  class space    used 1046K, capacity 1120K, committed 1152K, reserved 1048576K
}
Event: 0.596 GC heap after
{Heap after GC invocations=1 (full 0):
 garbage-first heap   total 229376K, used 3007K [0x0000000720c00000, 0x0000000800000000)
  region size 1024K, 2 young (2048K), 2 survivors (2048K)
 Metaspace       used 10980K, capacity 11145K, committed 11392K, reserved 1058816K
  class space    used 1046K, capacity 1120K, committed 1152K, reserved 1048576K
}
Event: 0.774 GC heap before
{Heap before GC invocations=1 (full 0):
 garbage-first heap   total 229376K, used 14271K [0x0000000720c00000, 0x0000000800000000)
  region size 1024K, 13 young (13312K), 2 survivors (2048K)
 Metaspace       used 12573K, capacity 12789K, committed 12928K, reserved 1060864K
  class space    used 1265K, capacity 1348K, committed 1408K, reserved 1048576K
}
Event: 0.776 GC heap after
{Heap after GC invocations=2 (full 0):
 garbage-first heap   total 229376K, used 3647K [0x0000000720c00000, 0x0000000800000000)
  region size 1024K, 1 young (1024K), 1 survivors (1024K)
 Metaspace       used 12573K, capacity 12789K, committed 12928K, reserved 1060864K
  class space    used 1265K, capacity 1348K, committed 1408K, reserved 1048576K
}
Event: 1.307 GC heap before
{Heap before GC invocations=2 (full 0):
 garbage-first heap   total 229376K, used 35391K [0x0000000720c00000, 0x0000000800000000)
  region size 1024K, 32 young (32768K), 1 survivors (1024K)
 Metaspace       used 16772K, capacity 16992K, committed 17024K, reserved 1064960K
  class space    used 1801K, capacity 1909K, committed 1920K, reserved 1048576K
}
Event: 1.309 GC heap after
{Heap after GC invocations=3 (full 0):
 garbage-first heap   total 229376K, used 4970K [0x0000000720c00000, 0x0000000800000000)
  region size 1024K, 2 young (2048K), 2 survivors (2048K)
 Metaspace       used 16772K, capacity 16992K, committed 17024K, reserved 1064960K
  class space    used 1801K, capacity 1909K, committed 1920K, reserved 1048576K
}

Deoptimization events (10 events):
Event: 2.078 Thread 0x000001149d040800 Uncommon trap: reason=class_check action=maybe_recompile pc=0x00000114ad04a724 method=java.util.regex.Pattern$BmpCharPredicate.lambda$union$2(Ljava/util/regex/Pattern$CharPredicate;I)Z @ 2 c2
Event: 2.078 Thread 0x000001149d040800 Uncommon trap: reason=class_check action=maybe_recompile pc=0x00000114ad04a724 method=java.util.regex.Pattern$BmpCharPredicate.lambda$union$2(Ljava/util/regex/Pattern$CharPredicate;I)Z @ 2 c2
Event: 2.078 Thread 0x000001149d040800 Uncommon trap: reason=class_check action=maybe_recompile pc=0x00000114ad04a724 method=java.util.regex.Pattern$BmpCharPredicate.lambda$union$2(Ljava/util/regex/Pattern$CharPredicate;I)Z @ 2 c2
Event: 2.085 Thread 0x000001149d040800 Uncommon trap: reason=unstable_if action=reinterpret pc=0x00000114acfdbe30 method=sun.nio.cs.UTF_8$Decoder.decodeArrayLoop(Ljava/nio/ByteBuffer;Ljava/nio/CharBuffer;)Ljava/nio/charset/CoderResult; @ 84 c2
Event: 2.097 Thread 0x000001149d040800 Uncommon trap: reason=unloaded action=reinterpret pc=0x00000114acfc87b8 method=java.util.jar.JarFile.checkForSpecialAttributes()V @ 99 c2
Event: 2.120 Thread 0x000001149d040800 Uncommon trap: reason=unstable_if action=reinterpret pc=0x00000114ad04f828 method=org.codehaus.plexus.util.xml.pull.MXParser.nextImpl()I @ 879 c2
Event: 2.163 Thread 0x000001149d040800 Uncommon trap: reason=unstable_if action=reinterpret pc=0x00000114ad00814c method=java.util.HashMap.hash(Ljava/lang/Object;)I @ 1 c2
Event: 2.163 Thread 0x000001149d040800 Uncommon trap: reason=unstable_if action=reinterpret pc=0x00000114ad01b034 method=java.util.HashMap.hash(Ljava/lang/Object;)I @ 1 c2
Event: 2.163 Thread 0x000001149d040800 Uncommon trap: reason=unstable_if action=reinterpret pc=0x00000114acff1a38 method=java.util.HashMap.hash(Ljava/lang/Object;)I @ 1 c2
Event: 2.203 Thread 0x000001149d040800 Uncommon trap: reason=unstable_if action=reinterpret pc=0x00000114ad0635b0 method=org.codehaus.plexus.util.xml.pull.MXParser.nextImpl()I @ 972 c2

Classes redefined (0 events):
No events

Internal exceptions (8 events):
Event: 0.215 Thread 0x000001149d040800 Exception <a 'java/lang/NoSuchMethodError'{0x000000072e844788}: java.lang.invoke.DirectMethodHandle$Holder.invokeSpecialIFC(Ljava/lang/Object;Ljava/lang/Object;I)I> (0x000000072e844788) thrown at [./open/src/hotspot/share/interpreter/linkResolver.cpp, lin
Event: 1.417 Thread 0x000001149d040800 Exception <a 'java/lang/NoClassDefFoundError'{0x000000072e646b18}: com/google/inject/servlet/ServletModuleTargetVisitor> (0x000000072e646b18) thrown at [./open/src/hotspot/share/classfile/systemDictionary.cpp, line 217]
Event: 1.417 Thread 0x000001149d040800 Exception <a 'java/lang/NoClassDefFoundError'{0x000000072e646b18}> (0x000000072e646b18) thrown at [./open/src/hotspot/share/prims/jvm.cpp, line 1309]
Event: 1.417 Thread 0x000001149d040800 Exception <a 'java/lang/NoClassDefFoundError'{0x000000072e649d90}: javax/annotation/Priority> (0x000000072e649d90) thrown at [./open/src/hotspot/share/classfile/systemDictionary.cpp, line 217]
Event: 1.472 Thread 0x000001149d040800 Exception <a 'java/lang/NoSuchMethodError'{0x000000072e4b15e0}: java.lang.invoke.DirectMethodHandle$Holder.invokeStaticInit(Ljava/lang/Object;IIII)Ljava/lang/Object;> (0x000000072e4b15e0) thrown at [./open/src/hotspot/share/interpreter/linkResolver.cpp, l
Event: 2.163 Thread 0x000001149d040800 Implicit null exception at 0x00000114ad007a3b to 0x00000114ad008130
Event: 2.163 Thread 0x000001149d040800 Implicit null exception at 0x00000114ad01ae55 to 0x00000114ad01b024
Event: 2.163 Thread 0x000001149d040800 Implicit null exception at 0x00000114acff19af to 0x00000114acff1a29

Events (10 events):
Event: 2.214 loading class org/eclipse/aether/util/graph/transformer/ConflictMarker
Event: 2.214 loading class org/eclipse/aether/util/graph/transformer/ConflictMarker done
Event: 2.214 loading class org/eclipse/aether/util/graph/transformer/ConflictMarker$Key
Event: 2.214 loading class org/eclipse/aether/util/graph/transformer/ConflictMarker$Key done
Event: 2.215 loading class org/eclipse/aether/util/graph/transformer/ConflictMarker$ConflictGroup
Event: 2.215 loading class org/eclipse/aether/util/graph/transformer/ConflictMarker$ConflictGroup done
Event: 2.215 loading class java/util/IdentityHashMap$KeyIterator
Event: 2.216 loading class java/util/IdentityHashMap$IdentityHashMapIterator
Event: 2.216 loading class java/util/IdentityHashMap$IdentityHashMapIterator done
Event: 2.216 loading class java/util/IdentityHashMap$KeyIterator done


Dynamic libraries:
0x00007ff799270000 - 0x00007ff79927f000 	C:\Program Files\Java\jdk-11.0.10\bin\java.exe
0x00007ff9f2e90000 - 0x00007ff9f3085000 	C:\Windows\SYSTEM32\ntdll.dll
0x00007ff9e40a0000 - 0x00007ff9e40b3000 	C:\Program Files\AVG\Antivirus\aswhook.dll
0x00007ff9f28e0000 - 0x00007ff9f299d000 	C:\Windows\System32\KERNEL32.DLL
0x00007ff9f09d0000 - 0x00007ff9f0c99000 	C:\Windows\System32\KERNELBASE.dll
0x00007ff9f0790000 - 0x00007ff9f0890000 	C:\Windows\System32\ucrtbase.dll
0x00007ff9defe0000 - 0x00007ff9deff8000 	C:\Program Files\Java\jdk-11.0.10\bin\jli.dll
0x00007ff9def00000 - 0x00007ff9def15000 	C:\Program Files\Java\jdk-11.0.10\bin\VCRUNTIME140.dll
0x00007ff9f1d20000 - 0x00007ff9f1dcc000 	C:\Windows\System32\ADVAPI32.dll
0x00007ff9f2550000 - 0x00007ff9f25ee000 	C:\Windows\System32\msvcrt.dll
0x00007ff9f1950000 - 0x00007ff9f19ec000 	C:\Windows\System32\sechost.dll
0x00007ff9f1ac0000 - 0x00007ff9f1beb000 	C:\Windows\System32\RPCRT4.dll
0x00007ff9f2740000 - 0x00007ff9f28e0000 	C:\Windows\System32\USER32.dll
0x00007ff9f0d90000 - 0x00007ff9f0db2000 	C:\Windows\System32\win32u.dll
0x00007ff9f2c00000 - 0x00007ff9f2c2a000 	C:\Windows\System32\GDI32.dll
0x00007ff9d4c00000 - 0x00007ff9d4e9a000 	C:\Windows\WinSxS\amd64_microsoft.windows.common-controls_6595b64144ccf1df_6.0.19041.844_none_ca00b6081b84eb1d\COMCTL32.dll
0x00007ff9f0890000 - 0x00007ff9f099b000 	C:\Windows\System32\gdi32full.dll
0x00007ff9f0ca0000 - 0x00007ff9f0d3d000 	C:\Windows\System32\msvcp_win.dll
0x00007ff9eedc0000 - 0x00007ff9eedca000 	C:\Windows\SYSTEM32\VERSION.dll
0x00007ff9f2710000 - 0x00007ff9f2740000 	C:\Windows\System32\IMM32.DLL
0x00007ff99c7d0000 - 0x00007ff99c86b000 	C:\Program Files\Java\jdk-11.0.10\bin\msvcp140.dll
0x00007ff99ca10000 - 0x00007ff99d50b000 	C:\Program Files\Java\jdk-11.0.10\bin\server\jvm.dll
0x00007ff9f1dd0000 - 0x00007ff9f1dd8000 	C:\Windows\System32\PSAPI.DLL
0x00007ff9dcfa0000 - 0x00007ff9dcfa9000 	C:\Windows\SYSTEM32\WSOCK32.dll
0x00007ff9f1cb0000 - 0x00007ff9f1d1b000 	C:\Windows\System32\WS2_32.dll
0x00007ff9e6210000 - 0x00007ff9e6237000 	C:\Windows\SYSTEM32\WINMM.dll
0x00007ff9eeed0000 - 0x00007ff9eeee2000 	C:\Windows\SYSTEM32\kernel.appcore.dll
0x00007ff9e4350000 - 0x00007ff9e4360000 	C:\Program Files\Java\jdk-11.0.10\bin\verify.dll
0x00007ff9e8bb0000 - 0x00007ff9e8d94000 	C:\Windows\SYSTEM32\DBGHELP.DLL
0x00007ff9e6560000 - 0x00007ff9e658c000 	C:\Windows\SYSTEM32\dbgcore.DLL
0x00007ff9f0e70000 - 0x00007ff9f0ef0000 	C:\Windows\System32\bcryptPrimitives.dll
0x00007ff9be0b0000 - 0x00007ff9be0d8000 	C:\Program Files\Java\jdk-11.0.10\bin\java.dll
0x00007ff9e3dd0000 - 0x00007ff9e3dda000 	C:\Program Files\Java\jdk-11.0.10\bin\jimage.dll
0x00007ff9be090000 - 0x00007ff9be0a6000 	C:\Program Files\Java\jdk-11.0.10\bin\zip.dll
0x00007ff9f1de0000 - 0x00007ff9f2522000 	C:\Windows\System32\SHELL32.dll
0x00007ff9ee630000 - 0x00007ff9eedc0000 	C:\Windows\SYSTEM32\windows.storage.dll
0x00007ff9f15d0000 - 0x00007ff9f1925000 	C:\Windows\System32\combase.dll
0x00007ff9eff70000 - 0x00007ff9eff9c000 	C:\Windows\SYSTEM32\Wldp.dll
0x00007ff9f29a0000 - 0x00007ff9f2a4e000 	C:\Windows\System32\SHCORE.dll
0x00007ff9f1100000 - 0x00007ff9f1155000 	C:\Windows\System32\shlwapi.dll
0x00007ff9f0510000 - 0x00007ff9f052f000 	C:\Windows\SYSTEM32\profapi.dll
0x00007ff9bddf0000 - 0x00007ff9bde09000 	C:\Program Files\Java\jdk-11.0.10\bin\net.dll
0x00007ff9e5d50000 - 0x00007ff9e5e5c000 	C:\Windows\SYSTEM32\WINHTTP.dll
0x00007ff9efcf0000 - 0x00007ff9efd5a000 	C:\Windows\system32\mswsock.dll
0x00007ff9a1300000 - 0x00007ff9a1312000 	C:\Program Files\Java\jdk-11.0.10\bin\nio.dll
0x00007ff9ebe60000 - 0x00007ff9ebe6a000 	C:\Program Files\NetBeans-12.3\netbeans\java\maven\lib\jansi-native\windows64\jansi.dll

dbghelp: loaded successfully - version: 4.0.5 - missing functions: none
symbol engine: initialized successfully - sym options: 0x614 - pdb path: .;C:\Program Files\Java\jdk-11.0.10\bin;C:\Windows\SYSTEM32;C:\Program Files\AVG\Antivirus;C:\Windows\WinSxS\amd64_microsoft.windows.common-controls_6595b64144ccf1df_6.0.19041.844_none_ca00b6081b84eb1d;C:\Program Files\Java\jdk-11.0.10\bin\server;C:\Program Files\NetBeans-12.3\netbeans\java\maven\lib\jansi-native\windows64

VM Arguments:
jvm_args: -Dclassworlds.conf=C:\Program Files\NetBeans-12.3\netbeans\java\maven\bin\..\bin\m2.conf -Dmaven.home=C:\Program Files\NetBeans-12.3\netbeans\java\maven\bin\.. -Dlibrary.jansi.path=C:\Program Files\NetBeans-12.3\netbeans\java\maven\bin\..\lib\jansi-native -Dmaven.multiModuleProjectDirectory=C:\Users\Desktop\Desktop\2ADSB-2021-1-Grupo-06\aplicações-java\projeto-tela-java 
java_command: org.codehaus.plexus.classworlds.launcher.Launcher -Dexec.args=-classpath %classpath br.com.first.projeto.tela.java.Cadastro -Dexec.executable=C:\Program Files\Java\jdk-11.0.10\bin\java.exe -Dexec.classpathScope=runtime -Dmaven.ext.class.path=C:\Program Files\NetBeans-12.3\netbeans\java\maven-nblib\netbeans-eventspy.jar -Dfile.encoding=UTF-8 process-classes org.codehaus.mojo:exec-maven-plugin:3.0.0:exec
java_class_path (initial): C:\Program Files\NetBeans-12.3\netbeans\java\maven\bin\..\boot\plexus-classworlds-2.6.0.jar
Launcher Type: SUN_STANDARD

[Global flags]
     intx CICompilerCount                          = 3                                         {product} {ergonomic}
     uint ConcGCThreads                            = 1                                         {product} {ergonomic}
     uint G1ConcRefinementThreads                  = 4                                         {product} {ergonomic}
   size_t G1HeapRegionSize                         = 1048576                                   {product} {ergonomic}
    uintx GCDrainStackTargetSize                   = 64                                        {product} {ergonomic}
   size_t InitialHeapSize                          = 234881024                                 {product} {ergonomic}
   size_t MarkStackSize                            = 4194304                                   {product} {ergonomic}
   size_t MaxHeapSize                              = 3745513472                                {product} {ergonomic}
   size_t MaxNewSize                               = 2247098368                                {product} {ergonomic}
   size_t MinHeapDeltaBytes                        = 1048576                                   {product} {ergonomic}
    uintx NonNMethodCodeHeapSize                   = 5830732                                {pd product} {ergonomic}
    uintx NonProfiledCodeHeapSize                  = 122913754                              {pd product} {ergonomic}
    uintx ProfiledCodeHeapSize                     = 122913754                              {pd product} {ergonomic}
    uintx ReservedCodeCacheSize                    = 251658240                              {pd product} {ergonomic}
     bool SegmentedCodeCache                       = true                                      {product} {ergonomic}
     bool UseCompressedClassPointers               = true                                 {lp64_product} {ergonomic}
     bool UseCompressedOops                        = true                                 {lp64_product} {ergonomic}
     bool UseG1GC                                  = true                                      {product} {ergonomic}
     bool UseLargePagesIndividualAllocation        = false                                  {pd product} {ergonomic}

Logging:
Log output configuration:
 #0: stdout all=warning uptime,level,tags
 #1: stderr all=off uptime,level,tags

Environment Variables:
JAVA_HOME=C:\Program Files\Java\jdk-11.0.10
PATH=C:\Program Files\Common Files\Oracle\Java\javapath;C:\Program Files (x86)\Common Files\Oracle\Java\javapath;C:\Windows\system32;C:\Windows;C:\Windows\System32\Wbem;C:\Windows\System32\WindowsPowerShell\v1.0\;C:\Windows\System32\OpenSSH\;C:\Program Files\Git\cmd;C:\Program Files\Java\jdk-11.0.10\bin;C:\Program Files\nodejs\;C:\Users\Desktop\AppData\Local\Microsoft\WindowsApps;;C:\Users\Desktop\AppData\Local\Programs\Microsoft VS Code\bin;C:\Users\Desktop\AppData\Roaming\npm
USERNAME=Desktop
OS=Windows_NT
PROCESSOR_IDENTIFIER=AMD64 Family 23 Model 17 Stepping 0, AuthenticAMD



---------------  S Y S T E M  ---------------

OS: Windows 10 , 64 bit Build 19041 (10.0.19041.804)

CPU:total 4 (initial active 4) (4 cores per cpu, 1 threads per core) family 23 model 17 stepping 0 microcode 0x0, cmov, cx8, fxsr, mmx, sse, sse2, sse3, ssse3, sse4.1, sse4.2, popcnt, avx, avx2, aes, clmul, mmxext, 3dnowpref, lzcnt, sse4a, tsc, tscinvbit, tscinv, bmi1, bmi2, adx, sha, 

Memory: 4k page, system-wide physical 14284M (9520M free)
TotalPageFile size 16460M (AvailPageFile size 9602M)
current process WorkingSet (physical memory assigned to process): 114M, peak: 115M
current process commit charge ("private bytes"): 335M, peak: 336M

vm_info: Java HotSpot(TM) 64-Bit Server VM (11.0.10+8-LTS-162) for windows-amd64 JRE (11.0.10+8-LTS-162), built on Dec  8 2020 16:32:57 by "mach5one" with MS VC++ 15.9 (VS2017)

END.
