#
# A fatal error has been detected by the Java Runtime Environment:
#
#  EXCEPTION_ACCESS_VIOLATION (0xc0000005) at pc=0x00007ff99ca92783, pid=4628, tid=228
#
# JRE version: Java(TM) SE Runtime Environment 18.9 (11.0.10+8) (build 11.0.10+8-LTS-162)
# Java VM: Java HotSpot(TM) 64-Bit Server VM 18.9 (11.0.10+8-LTS-162, mixed mode, tiered, compressed oops, g1 gc, windows-amd64)
# Problematic frame:
# V  [jvm.dll+0x82783]
#
# No core dump will be written. Minidumps are not enabled by default on client versions of Windows
#
# If you would like to submit a bug report, please visit:
#   https://bugreport.java.com/bugreport/crash.jsp
#

---------------  S U M M A R Y ------------

Command Line: -Dclassworlds.conf=C:\Program Files\NetBeans-12.3\netbeans\java\maven\bin\..\bin\m2.conf -Dmaven.home=C:\Program Files\NetBeans-12.3\netbeans\java\maven\bin\.. -Dlibrary.jansi.path=C:\Program Files\NetBeans-12.3\netbeans\java\maven\bin\..\lib\jansi-native -Dmaven.multiModuleProjectDirectory=C:\Users\Desktop\Desktop\2ADSB-2021-1-Grupo-06\aplicações-java\projeto-tela-java org.codehaus.plexus.classworlds.launcher.Launcher -Dexec.args=-classpath %classpath br.com.first.projeto.tela.java.Cadastro -Dexec.executable=C:\Program Files\Java\jdk-11.0.10\bin\java.exe -Dexec.classpathScope=runtime -Dmaven.ext.class.path=C:\Program Files\NetBeans-12.3\netbeans\java\maven-nblib\netbeans-eventspy.jar -Dfile.encoding=UTF-8 process-classes org.codehaus.mojo:exec-maven-plugin:3.0.0:exec

Host: AMD Ryzen 3 2200G with Radeon Vega Graphics    , 4 cores, 13G,  Windows 10 , 64 bit Build 19041 (10.0.19041.804)
Time: Tue Apr  6 17:17:04 2021 Hora oficial do Brasil elapsed time: 1.918266 seconds (0d 0h 0m 1s)

---------------  T H R E A D  ---------------

Current thread (0x0000029a73716800):  JavaThread "C2 CompilerThread0" daemon [_thread_in_native, id=228, stack(0x000000a09c300000,0x000000a09c400000)]


Current CompileTask:
C2:   1918 2136       4       org.codehaus.plexus.util.xml.pull.MXParser::parseStartTag (1195 bytes)

Stack: [0x000000a09c300000,0x000000a09c400000],  sp=0x000000a09c3fba50,  free space=1006k
Native frames: (J=compiled Java code, j=interpreted, Vv=VM code, C=native code)
V  [jvm.dll+0x82783]
V  [jvm.dll+0x5ab618]
V  [jvm.dll+0x5a9ece]
V  [jvm.dll+0x1fd237]
V  [jvm.dll+0x1fc54f]
V  [jvm.dll+0x17f09c]
V  [jvm.dll+0x20bbd4]
V  [jvm.dll+0x209cab]
V  [jvm.dll+0x713619]
V  [jvm.dll+0x70c314]
V  [jvm.dll+0x613036]
C  [ucrtbase.dll+0x21bb2]
C  [KERNEL32.DLL+0x17034]
C  [ntdll.dll+0x52651]


siginfo: EXCEPTION_ACCESS_VIOLATION (0xc0000005), reading address 0x00007ffe820c4368


Register to memory mapping:

RIP=0x00007ff99ca92783 jvm.dll
RAX=0x000000009ca19ff0 is an unknown value
RBX=0x0000029a74b30b48 points into unknown readable memory: 20 47 26 75 9a 02 00 00
RCX=0x00007ff99d1afe00 jvm.dll
RDX=0x00007ffe820c4370 is an unknown value
RSP=0x000000a09c3fba50 is pointing into the stack for thread: 0x0000029a73716800
RBP=0x000000a09c3fbac8 is pointing into the stack for thread: 0x0000029a73716800
RSI=0xfffffffffffffff8 is an unknown value
RDI=0x0000029a74b30aa8 points into unknown readable memory: 20 47 26 75 9a 02 00 00
R8 =0x00007ff99cff43f0 jvm.dll
R9 =0x0000029a75264720 points into unknown readable memory: 60 b9 8f 73 9a 02 00 00
R10=0x0000029a741343c0 points into unknown readable memory: 20 43 13 74 9a 02 00 00
R11=0x0000029a74134b18 points into unknown readable memory: 20 43 13 74 9a 02 00 00
R12=0x0 is NULL
R13=0x000000a09c3fbef0 is pointing into the stack for thread: 0x0000029a73716800
R14=0x0000029a7567dcf0 points into unknown readable memory: 38 da 29 9d f9 7f 00 00
R15=0x0000029a737407c8 points into unknown readable memory: 00 00 00 00 00 00 00 00


Registers:
RAX=0x000000009ca19ff0, RBX=0x0000029a74b30b48, RCX=0x00007ff99d1afe00, RDX=0x00007ffe820c4370
RSP=0x000000a09c3fba50, RBP=0x000000a09c3fbac8, RSI=0xfffffffffffffff8, RDI=0x0000029a74b30aa8
R8 =0x00007ff99cff43f0, R9 =0x0000029a75264720, R10=0x0000029a741343c0, R11=0x0000029a74134b18
R12=0x0000000000000000, R13=0x000000a09c3fbef0, R14=0x0000029a7567dcf0, R15=0x0000029a737407c8
RIP=0x00007ff99ca92783, EFLAGS=0x0000000000010206

Top of Stack: (sp=0x000000a09c3fba50)
0x000000a09c3fba50:   0000029a74134bd8 fffffffffffffff8
0x000000a09c3fba60:   0000029a74366580 0000029a74134bd8
0x000000a09c3fba70:   0000029a74d82460 00007ff99cfbb618
0x000000a09c3fba80:   0000029a74b30b48 0000029a74366580
0x000000a09c3fba90:   0000029a74366580 0000029a73780bd0
0x000000a09c3fbaa0:   0000029a75118300 0000029a7514a020
0x000000a09c3fbab0:   0000029a751102a0 0000029a73715650
0x000000a09c3fbac0:   0000000000000058 0000000000000000
0x000000a09c3fbad0:   000000a09c3fe488 000000a09c3fbef0
0x000000a09c3fbae0:   000000a09c3fbb69 00007ff99cfb9ece
0x000000a09c3fbaf0:   0000000000000e76 000000a09c3fe280
0x000000a09c3fbb00:   000000a09c3fe280 0000000000000001
0x000000a09c3fbb10:   0000000000000008 0000000000000000
0x000000a09c3fbb20:   0000000000000000 0000000000000000
0x000000a09c3fbb30:   0000000000007fd8 0000000000100000
0x000000a09c3fbb40:   0000000000000000 0000000000000000 

Instructions: (pc=0x00007ff99ca92783)
0x00007ff99ca92763:   49 8b d8 48 8b 0c d0 4c 8d 0c d0 48 85 c9 74 26
0x00007ff99ca92773:   4c 8b 41 10 4d 85 c0 74 1d 8b 41 20 49 8d 14 c0
0x00007ff99ca92783:   48 39 7a f8 48 8d 52 f8 75 f6 ff c8 89 41 20 49
0x00007ff99ca92793:   8b 0c c0 48 89 0a 49 89 19 48 85 db 74 29 48 8b 


Stack slot to memory mapping:
stack at sp + 0 slots: 0x0000029a74134bd8 points into unknown readable memory: 00 fe 1a 9d f9 7f 00 00
stack at sp + 1 slots: 0xfffffffffffffff8 is an unknown value
stack at sp + 2 slots: 0x0000029a74366580 points into unknown readable memory: 40 fd 1a 9d f9 7f 00 00
stack at sp + 3 slots: 0x0000029a74134bd8 points into unknown readable memory: 00 fe 1a 9d f9 7f 00 00
stack at sp + 4 slots: 0x0000029a74d82460 points into unknown readable memory: 90 37 1e 9d f9 7f 00 00
stack at sp + 5 slots: 0x00007ff99cfbb618 jvm.dll
stack at sp + 6 slots: 0x0000029a74b30b48 points into unknown readable memory: 20 47 26 75 9a 02 00 00
stack at sp + 7 slots: 0x0000029a74366580 points into unknown readable memory: 40 fd 1a 9d f9 7f 00 00


---------------  P R O C E S S  ---------------

Threads class SMR info:
_java_thread_list=0x0000029a74886c60, length=11, elements={
0x0000029a51004000, 0x0000029a736a8800, 0x0000029a736b2000, 0x0000029a73711800,
0x0000029a73713800, 0x0000029a73716800, 0x0000029a736c7800, 0x0000029a7371e000,
0x0000029a7387a000, 0x0000029a7388e000, 0x0000029a74d52800
}

Java Threads: ( => current thread )
  0x0000029a51004000 JavaThread "main" [_thread_in_Java, id=4940, stack(0x000000a09b800000,0x000000a09b900000)]
  0x0000029a736a8800 JavaThread "Reference Handler" daemon [_thread_blocked, id=6944, stack(0x000000a09bf00000,0x000000a09c000000)]
  0x0000029a736b2000 JavaThread "Finalizer" daemon [_thread_blocked, id=11300, stack(0x000000a09c000000,0x000000a09c100000)]
  0x0000029a73711800 JavaThread "Signal Dispatcher" daemon [_thread_blocked, id=10992, stack(0x000000a09c100000,0x000000a09c200000)]
  0x0000029a73713800 JavaThread "Attach Listener" daemon [_thread_blocked, id=9740, stack(0x000000a09c200000,0x000000a09c300000)]
=>0x0000029a73716800 JavaThread "C2 CompilerThread0" daemon [_thread_in_native, id=228, stack(0x000000a09c300000,0x000000a09c400000)]
  0x0000029a736c7800 JavaThread "C1 CompilerThread0" daemon [_thread_in_native, id=12012, stack(0x000000a09c400000,0x000000a09c500000)]
  0x0000029a7371e000 JavaThread "Sweeper thread" daemon [_thread_blocked, id=1276, stack(0x000000a09c500000,0x000000a09c600000)]
  0x0000029a7387a000 JavaThread "Service Thread" daemon [_thread_blocked, id=10784, stack(0x000000a09c600000,0x000000a09c700000)]
  0x0000029a7388e000 JavaThread "Common-Cleaner" daemon [_thread_blocked, id=3644, stack(0x000000a09c800000,0x000000a09c900000)]
  0x0000029a74d52800 JavaThread "C2 CompilerThread1" daemon [_thread_in_native, id=1236, stack(0x000000a09cc00000,0x000000a09cd00000)]

Other Threads:
  0x0000029a73683000 VMThread "VM Thread" [stack: 0x000000a09be00000,0x000000a09bf00000] [id=6236]
  0x0000029a73884000 WatcherThread [stack: 0x000000a09c700000,0x000000a09c800000] [id=5740]
  0x0000029a51016000 GCTaskThread "GC Thread#0" [stack: 0x000000a09b900000,0x000000a09ba00000] [id=8388]
  0x0000029a746fa000 GCTaskThread "GC Thread#1" [stack: 0x000000a09c900000,0x000000a09ca00000] [id=9568]
  0x0000029a746fb000 GCTaskThread "GC Thread#2" [stack: 0x000000a09ca00000,0x000000a09cb00000] [id=7012]
  0x0000029a746fb800 GCTaskThread "GC Thread#3" [stack: 0x000000a09cb00000,0x000000a09cc00000] [id=8800]
  0x0000029a51067000 ConcurrentGCThread "G1 Main Marker" [stack: 0x000000a09ba00000,0x000000a09bb00000] [id=3624]
  0x0000029a5106a800 ConcurrentGCThread "G1 Conc#0" [stack: 0x000000a09bb00000,0x000000a09bc00000] [id=10880]
  0x0000029a510de800 ConcurrentGCThread "G1 Refine#0" [stack: 0x000000a09bc00000,0x000000a09bd00000] [id=11716]
  0x0000029a72cec000 ConcurrentGCThread "G1 Young RemSet Sampling" [stack: 0x000000a09bd00000,0x000000a09be00000] [id=7332]

Threads with active compile tasks:
C2 CompilerThread0   1944 2136       4       org.codehaus.plexus.util.xml.pull.MXParser::parseStartTag (1195 bytes)
C1 CompilerThread0   1944 2215 %     3       org.codehaus.plexus.util.xml.pull.MXParser::nextImpl @ 193 (1202 bytes)
C2 CompilerThread1   1944 2137       4       org.codehaus.plexus.util.xml.pull.MXParser::parseEndTag (434 bytes)

VM state:not at safepoint (normal execution)

VM Mutex/Monitor currently owned by a thread: None

Heap address: 0x0000000720c00000, size: 3572 MB, Compressed Oops mode: Zero based, Oop shift amount: 3
Narrow klass base: 0x0000000800000000, Narrow klass shift: 0
Compressed class space size: 1073741824 Address: 0x0000000800000000

Heap:
 garbage-first heap   total 229376K, used 24391K [0x0000000720c00000, 0x0000000800000000)
  region size 1024K, 22 young (22528K), 2 survivors (2048K)
 Metaspace       used 20409K, capacity 20823K, committed 20992K, reserved 1069056K
  class space    used 2187K, capacity 2281K, committed 2304K, reserved 1048576K
Heap Regions: E=young(eden), S=young(survivor), O=old, HS=humongous(starts), HC=humongous(continues), CS=collection set, F=free, A=archive, TAMS=top-at-mark-start (previous, next)
|   0|0x0000000720c00000, 0x0000000720d00000, 0x0000000720d00000|100%| O|  |TAMS 0x0000000720c00000, 0x0000000720c00000| Untracked 
|   1|0x0000000720d00000, 0x0000000720e00000, 0x0000000720e00000|100%| O|  |TAMS 0x0000000720d00000, 0x0000000720d00000| Untracked 
|   2|0x0000000720e00000, 0x0000000720f00000, 0x0000000720f00000|100%| O|  |TAMS 0x0000000720e00000, 0x0000000720e00000| Untracked 
|   3|0x0000000720f00000, 0x0000000720f00000, 0x0000000721000000|  0%| F|  |TAMS 0x0000000720f00000, 0x0000000720f00000| Untracked 
|   4|0x0000000721000000, 0x0000000721000000, 0x0000000721100000|  0%| F|  |TAMS 0x0000000721000000, 0x0000000721000000| Untracked 
|   5|0x0000000721100000, 0x0000000721100000, 0x0000000721200000|  0%| F|  |TAMS 0x0000000721100000, 0x0000000721100000| Untracked 
|   6|0x0000000721200000, 0x0000000721200000, 0x0000000721300000|  0%| F|  |TAMS 0x0000000721200000, 0x0000000721200000| Untracked 
|   7|0x0000000721300000, 0x0000000721300000, 0x0000000721400000|  0%| F|  |TAMS 0x0000000721300000, 0x0000000721300000| Untracked 
|   8|0x0000000721400000, 0x0000000721400000, 0x0000000721500000|  0%| F|  |TAMS 0x0000000721400000, 0x0000000721400000| Untracked 
|   9|0x0000000721500000, 0x0000000721500000, 0x0000000721600000|  0%| F|  |TAMS 0x0000000721500000, 0x0000000721500000| Untracked 
|  10|0x0000000721600000, 0x0000000721600000, 0x0000000721700000|  0%| F|  |TAMS 0x0000000721600000, 0x0000000721600000| Untracked 
|  11|0x0000000721700000, 0x0000000721700000, 0x0000000721800000|  0%| F|  |TAMS 0x0000000721700000, 0x0000000721700000| Untracked 
|  12|0x0000000721800000, 0x0000000721800000, 0x0000000721900000|  0%| F|  |TAMS 0x0000000721800000, 0x0000000721800000| Untracked 
|  13|0x0000000721900000, 0x0000000721900000, 0x0000000721a00000|  0%| F|  |TAMS 0x0000000721900000, 0x0000000721900000| Untracked 
|  14|0x0000000721a00000, 0x0000000721a00000, 0x0000000721b00000|  0%| F|  |TAMS 0x0000000721a00000, 0x0000000721a00000| Untracked 
|  15|0x0000000721b00000, 0x0000000721b00000, 0x0000000721c00000|  0%| F|  |TAMS 0x0000000721b00000, 0x0000000721b00000| Untracked 
|  16|0x0000000721c00000, 0x0000000721c00000, 0x0000000721d00000|  0%| F|  |TAMS 0x0000000721c00000, 0x0000000721c00000| Untracked 
|  17|0x0000000721d00000, 0x0000000721d00000, 0x0000000721e00000|  0%| F|  |TAMS 0x0000000721d00000, 0x0000000721d00000| Untracked 
|  18|0x0000000721e00000, 0x0000000721e00000, 0x0000000721f00000|  0%| F|  |TAMS 0x0000000721e00000, 0x0000000721e00000| Untracked 
|  19|0x0000000721f00000, 0x0000000721f00000, 0x0000000722000000|  0%| F|  |TAMS 0x0000000721f00000, 0x0000000721f00000| Untracked 
|  20|0x0000000722000000, 0x0000000722000000, 0x0000000722100000|  0%| F|  |TAMS 0x0000000722000000, 0x0000000722000000| Untracked 
|  21|0x0000000722100000, 0x0000000722100000, 0x0000000722200000|  0%| F|  |TAMS 0x0000000722100000, 0x0000000722100000| Untracked 
|  22|0x0000000722200000, 0x0000000722200000, 0x0000000722300000|  0%| F|  |TAMS 0x0000000722200000, 0x0000000722200000| Untracked 
|  23|0x0000000722300000, 0x0000000722300000, 0x0000000722400000|  0%| F|  |TAMS 0x0000000722300000, 0x0000000722300000| Untracked 
|  24|0x0000000722400000, 0x0000000722400000, 0x0000000722500000|  0%| F|  |TAMS 0x0000000722400000, 0x0000000722400000| Untracked 
|  25|0x0000000722500000, 0x0000000722500000, 0x0000000722600000|  0%| F|  |TAMS 0x0000000722500000, 0x0000000722500000| Untracked 
|  26|0x0000000722600000, 0x0000000722600000, 0x0000000722700000|  0%| F|  |TAMS 0x0000000722600000, 0x0000000722600000| Untracked 
|  27|0x0000000722700000, 0x0000000722700000, 0x0000000722800000|  0%| F|  |TAMS 0x0000000722700000, 0x0000000722700000| Untracked 
|  28|0x0000000722800000, 0x0000000722800000, 0x0000000722900000|  0%| F|  |TAMS 0x0000000722800000, 0x0000000722800000| Untracked 
|  29|0x0000000722900000, 0x0000000722900000, 0x0000000722a00000|  0%| F|  |TAMS 0x0000000722900000, 0x0000000722900000| Untracked 
|  30|0x0000000722a00000, 0x0000000722a00000, 0x0000000722b00000|  0%| F|  |TAMS 0x0000000722a00000, 0x0000000722a00000| Untracked 
|  31|0x0000000722b00000, 0x0000000722b00000, 0x0000000722c00000|  0%| F|  |TAMS 0x0000000722b00000, 0x0000000722b00000| Untracked 
|  32|0x0000000722c00000, 0x0000000722c00000, 0x0000000722d00000|  0%| F|  |TAMS 0x0000000722c00000, 0x0000000722c00000| Untracked 
|  33|0x0000000722d00000, 0x0000000722d00000, 0x0000000722e00000|  0%| F|  |TAMS 0x0000000722d00000, 0x0000000722d00000| Untracked 
|  34|0x0000000722e00000, 0x0000000722e00000, 0x0000000722f00000|  0%| F|  |TAMS 0x0000000722e00000, 0x0000000722e00000| Untracked 
|  35|0x0000000722f00000, 0x0000000722f00000, 0x0000000723000000|  0%| F|  |TAMS 0x0000000722f00000, 0x0000000722f00000| Untracked 
|  36|0x0000000723000000, 0x0000000723000000, 0x0000000723100000|  0%| F|  |TAMS 0x0000000723000000, 0x0000000723000000| Untracked 
|  37|0x0000000723100000, 0x0000000723100000, 0x0000000723200000|  0%| F|  |TAMS 0x0000000723100000, 0x0000000723100000| Untracked 
|  38|0x0000000723200000, 0x0000000723200000, 0x0000000723300000|  0%| F|  |TAMS 0x0000000723200000, 0x0000000723200000| Untracked 
|  39|0x0000000723300000, 0x0000000723300000, 0x0000000723400000|  0%| F|  |TAMS 0x0000000723300000, 0x0000000723300000| Untracked 
|  40|0x0000000723400000, 0x0000000723400000, 0x0000000723500000|  0%| F|  |TAMS 0x0000000723400000, 0x0000000723400000| Untracked 
|  41|0x0000000723500000, 0x0000000723500000, 0x0000000723600000|  0%| F|  |TAMS 0x0000000723500000, 0x0000000723500000| Untracked 
|  42|0x0000000723600000, 0x0000000723600000, 0x0000000723700000|  0%| F|  |TAMS 0x0000000723600000, 0x0000000723600000| Untracked 
|  43|0x0000000723700000, 0x0000000723700000, 0x0000000723800000|  0%| F|  |TAMS 0x0000000723700000, 0x0000000723700000| Untracked 
|  44|0x0000000723800000, 0x0000000723800000, 0x0000000723900000|  0%| F|  |TAMS 0x0000000723800000, 0x0000000723800000| Untracked 
|  45|0x0000000723900000, 0x0000000723900000, 0x0000000723a00000|  0%| F|  |TAMS 0x0000000723900000, 0x0000000723900000| Untracked 
|  46|0x0000000723a00000, 0x0000000723a00000, 0x0000000723b00000|  0%| F|  |TAMS 0x0000000723a00000, 0x0000000723a00000| Untracked 
|  47|0x0000000723b00000, 0x0000000723b00000, 0x0000000723c00000|  0%| F|  |TAMS 0x0000000723b00000, 0x0000000723b00000| Untracked 
|  48|0x0000000723c00000, 0x0000000723c00000, 0x0000000723d00000|  0%| F|  |TAMS 0x0000000723c00000, 0x0000000723c00000| Untracked 
|  49|0x0000000723d00000, 0x0000000723d00000, 0x0000000723e00000|  0%| F|  |TAMS 0x0000000723d00000, 0x0000000723d00000| Untracked 
|  50|0x0000000723e00000, 0x0000000723e00000, 0x0000000723f00000|  0%| F|  |TAMS 0x0000000723e00000, 0x0000000723e00000| Untracked 
|  51|0x0000000723f00000, 0x0000000723f00000, 0x0000000724000000|  0%| F|  |TAMS 0x0000000723f00000, 0x0000000723f00000| Untracked 
|  52|0x0000000724000000, 0x0000000724000000, 0x0000000724100000|  0%| F|  |TAMS 0x0000000724000000, 0x0000000724000000| Untracked 
|  53|0x0000000724100000, 0x0000000724100000, 0x0000000724200000|  0%| F|  |TAMS 0x0000000724100000, 0x0000000724100000| Untracked 
|  54|0x0000000724200000, 0x0000000724200000, 0x0000000724300000|  0%| F|  |TAMS 0x0000000724200000, 0x0000000724200000| Untracked 
|  55|0x0000000724300000, 0x0000000724300000, 0x0000000724400000|  0%| F|  |TAMS 0x0000000724300000, 0x0000000724300000| Untracked 
|  56|0x0000000724400000, 0x0000000724400000, 0x0000000724500000|  0%| F|  |TAMS 0x0000000724400000, 0x0000000724400000| Untracked 
|  57|0x0000000724500000, 0x0000000724500000, 0x0000000724600000|  0%| F|  |TAMS 0x0000000724500000, 0x0000000724500000| Untracked 
|  58|0x0000000724600000, 0x0000000724600000, 0x0000000724700000|  0%| F|  |TAMS 0x0000000724600000, 0x0000000724600000| Untracked 
|  59|0x0000000724700000, 0x0000000724700000, 0x0000000724800000|  0%| F|  |TAMS 0x0000000724700000, 0x0000000724700000| Untracked 
|  60|0x0000000724800000, 0x0000000724800000, 0x0000000724900000|  0%| F|  |TAMS 0x0000000724800000, 0x0000000724800000| Untracked 
|  61|0x0000000724900000, 0x0000000724900000, 0x0000000724a00000|  0%| F|  |TAMS 0x0000000724900000, 0x0000000724900000| Untracked 
|  62|0x0000000724a00000, 0x0000000724a00000, 0x0000000724b00000|  0%| F|  |TAMS 0x0000000724a00000, 0x0000000724a00000| Untracked 
|  63|0x0000000724b00000, 0x0000000724b00000, 0x0000000724c00000|  0%| F|  |TAMS 0x0000000724b00000, 0x0000000724b00000| Untracked 
|  64|0x0000000724c00000, 0x0000000724c00000, 0x0000000724d00000|  0%| F|  |TAMS 0x0000000724c00000, 0x0000000724c00000| Untracked 
|  65|0x0000000724d00000, 0x0000000724d00000, 0x0000000724e00000|  0%| F|  |TAMS 0x0000000724d00000, 0x0000000724d00000| Untracked 
|  66|0x0000000724e00000, 0x0000000724e00000, 0x0000000724f00000|  0%| F|  |TAMS 0x0000000724e00000, 0x0000000724e00000| Untracked 
|  67|0x0000000724f00000, 0x0000000724f00000, 0x0000000725000000|  0%| F|  |TAMS 0x0000000724f00000, 0x0000000724f00000| Untracked 
|  68|0x0000000725000000, 0x0000000725000000, 0x0000000725100000|  0%| F|  |TAMS 0x0000000725000000, 0x0000000725000000| Untracked 
|  69|0x0000000725100000, 0x0000000725100000, 0x0000000725200000|  0%| F|  |TAMS 0x0000000725100000, 0x0000000725100000| Untracked 
|  70|0x0000000725200000, 0x0000000725200000, 0x0000000725300000|  0%| F|  |TAMS 0x0000000725200000, 0x0000000725200000| Untracked 
|  71|0x0000000725300000, 0x0000000725300000, 0x0000000725400000|  0%| F|  |TAMS 0x0000000725300000, 0x0000000725300000| Untracked 
|  72|0x0000000725400000, 0x0000000725400000, 0x0000000725500000|  0%| F|  |TAMS 0x0000000725400000, 0x0000000725400000| Untracked 
|  73|0x0000000725500000, 0x0000000725500000, 0x0000000725600000|  0%| F|  |TAMS 0x0000000725500000, 0x0000000725500000| Untracked 
|  74|0x0000000725600000, 0x0000000725600000, 0x0000000725700000|  0%| F|  |TAMS 0x0000000725600000, 0x0000000725600000| Untracked 
|  75|0x0000000725700000, 0x0000000725700000, 0x0000000725800000|  0%| F|  |TAMS 0x0000000725700000, 0x0000000725700000| Untracked 
|  76|0x0000000725800000, 0x0000000725800000, 0x0000000725900000|  0%| F|  |TAMS 0x0000000725800000, 0x0000000725800000| Untracked 
|  77|0x0000000725900000, 0x0000000725900000, 0x0000000725a00000|  0%| F|  |TAMS 0x0000000725900000, 0x0000000725900000| Untracked 
|  78|0x0000000725a00000, 0x0000000725a00000, 0x0000000725b00000|  0%| F|  |TAMS 0x0000000725a00000, 0x0000000725a00000| Untracked 
|  79|0x0000000725b00000, 0x0000000725b00000, 0x0000000725c00000|  0%| F|  |TAMS 0x0000000725b00000, 0x0000000725b00000| Untracked 
|  80|0x0000000725c00000, 0x0000000725c00000, 0x0000000725d00000|  0%| F|  |TAMS 0x0000000725c00000, 0x0000000725c00000| Untracked 
|  81|0x0000000725d00000, 0x0000000725d00000, 0x0000000725e00000|  0%| F|  |TAMS 0x0000000725d00000, 0x0000000725d00000| Untracked 
|  82|0x0000000725e00000, 0x0000000725e00000, 0x0000000725f00000|  0%| F|  |TAMS 0x0000000725e00000, 0x0000000725e00000| Untracked 
|  83|0x0000000725f00000, 0x0000000725f00000, 0x0000000726000000|  0%| F|  |TAMS 0x0000000725f00000, 0x0000000725f00000| Untracked 
|  84|0x0000000726000000, 0x0000000726000000, 0x0000000726100000|  0%| F|  |TAMS 0x0000000726000000, 0x0000000726000000| Untracked 
|  85|0x0000000726100000, 0x0000000726100000, 0x0000000726200000|  0%| F|  |TAMS 0x0000000726100000, 0x0000000726100000| Untracked 
|  86|0x0000000726200000, 0x0000000726200000, 0x0000000726300000|  0%| F|  |TAMS 0x0000000726200000, 0x0000000726200000| Untracked 
|  87|0x0000000726300000, 0x0000000726300000, 0x0000000726400000|  0%| F|  |TAMS 0x0000000726300000, 0x0000000726300000| Untracked 
|  88|0x0000000726400000, 0x0000000726400000, 0x0000000726500000|  0%| F|  |TAMS 0x0000000726400000, 0x0000000726400000| Untracked 
|  89|0x0000000726500000, 0x0000000726500000, 0x0000000726600000|  0%| F|  |TAMS 0x0000000726500000, 0x0000000726500000| Untracked 
|  90|0x0000000726600000, 0x0000000726600000, 0x0000000726700000|  0%| F|  |TAMS 0x0000000726600000, 0x0000000726600000| Untracked 
|  91|0x0000000726700000, 0x0000000726700000, 0x0000000726800000|  0%| F|  |TAMS 0x0000000726700000, 0x0000000726700000| Untracked 
|  92|0x0000000726800000, 0x0000000726800000, 0x0000000726900000|  0%| F|  |TAMS 0x0000000726800000, 0x0000000726800000| Untracked 
|  93|0x0000000726900000, 0x0000000726900000, 0x0000000726a00000|  0%| F|  |TAMS 0x0000000726900000, 0x0000000726900000| Untracked 
|  94|0x0000000726a00000, 0x0000000726a00000, 0x0000000726b00000|  0%| F|  |TAMS 0x0000000726a00000, 0x0000000726a00000| Untracked 
|  95|0x0000000726b00000, 0x0000000726b00000, 0x0000000726c00000|  0%| F|  |TAMS 0x0000000726b00000, 0x0000000726b00000| Untracked 
|  96|0x0000000726c00000, 0x0000000726c00000, 0x0000000726d00000|  0%| F|  |TAMS 0x0000000726c00000, 0x0000000726c00000| Untracked 
|  97|0x0000000726d00000, 0x0000000726d00000, 0x0000000726e00000|  0%| F|  |TAMS 0x0000000726d00000, 0x0000000726d00000| Untracked 
|  98|0x0000000726e00000, 0x0000000726e00000, 0x0000000726f00000|  0%| F|  |TAMS 0x0000000726e00000, 0x0000000726e00000| Untracked 
|  99|0x0000000726f00000, 0x0000000726f00000, 0x0000000727000000|  0%| F|  |TAMS 0x0000000726f00000, 0x0000000726f00000| Untracked 
| 100|0x0000000727000000, 0x0000000727000000, 0x0000000727100000|  0%| F|  |TAMS 0x0000000727000000, 0x0000000727000000| Untracked 
| 101|0x0000000727100000, 0x0000000727100000, 0x0000000727200000|  0%| F|  |TAMS 0x0000000727100000, 0x0000000727100000| Untracked 
| 102|0x0000000727200000, 0x0000000727200000, 0x0000000727300000|  0%| F|  |TAMS 0x0000000727200000, 0x0000000727200000| Untracked 
| 103|0x0000000727300000, 0x0000000727300000, 0x0000000727400000|  0%| F|  |TAMS 0x0000000727300000, 0x0000000727300000| Untracked 
| 104|0x0000000727400000, 0x0000000727400000, 0x0000000727500000|  0%| F|  |TAMS 0x0000000727400000, 0x0000000727400000| Untracked 
| 105|0x0000000727500000, 0x0000000727500000, 0x0000000727600000|  0%| F|  |TAMS 0x0000000727500000, 0x0000000727500000| Untracked 
| 106|0x0000000727600000, 0x0000000727600000, 0x0000000727700000|  0%| F|  |TAMS 0x0000000727600000, 0x0000000727600000| Untracked 
| 107|0x0000000727700000, 0x0000000727700000, 0x0000000727800000|  0%| F|  |TAMS 0x0000000727700000, 0x0000000727700000| Untracked 
| 108|0x0000000727800000, 0x0000000727800000, 0x0000000727900000|  0%| F|  |TAMS 0x0000000727800000, 0x0000000727800000| Untracked 
| 109|0x0000000727900000, 0x0000000727900000, 0x0000000727a00000|  0%| F|  |TAMS 0x0000000727900000, 0x0000000727900000| Untracked 
| 110|0x0000000727a00000, 0x0000000727a00000, 0x0000000727b00000|  0%| F|  |TAMS 0x0000000727a00000, 0x0000000727a00000| Untracked 
| 111|0x0000000727b00000, 0x0000000727b00000, 0x0000000727c00000|  0%| F|  |TAMS 0x0000000727b00000, 0x0000000727b00000| Untracked 
| 112|0x0000000727c00000, 0x0000000727c00000, 0x0000000727d00000|  0%| F|  |TAMS 0x0000000727c00000, 0x0000000727c00000| Untracked 
| 113|0x0000000727d00000, 0x0000000727d00000, 0x0000000727e00000|  0%| F|  |TAMS 0x0000000727d00000, 0x0000000727d00000| Untracked 
| 114|0x0000000727e00000, 0x0000000727e00000, 0x0000000727f00000|  0%| F|  |TAMS 0x0000000727e00000, 0x0000000727e00000| Untracked 
| 115|0x0000000727f00000, 0x0000000727f00000, 0x0000000728000000|  0%| F|  |TAMS 0x0000000727f00000, 0x0000000727f00000| Untracked 
| 116|0x0000000728000000, 0x0000000728000000, 0x0000000728100000|  0%| F|  |TAMS 0x0000000728000000, 0x0000000728000000| Untracked 
| 117|0x0000000728100000, 0x0000000728100000, 0x0000000728200000|  0%| F|  |TAMS 0x0000000728100000, 0x0000000728100000| Untracked 
| 118|0x0000000728200000, 0x0000000728200000, 0x0000000728300000|  0%| F|  |TAMS 0x0000000728200000, 0x0000000728200000| Untracked 
| 119|0x0000000728300000, 0x0000000728300000, 0x0000000728400000|  0%| F|  |TAMS 0x0000000728300000, 0x0000000728300000| Untracked 
| 120|0x0000000728400000, 0x0000000728400000, 0x0000000728500000|  0%| F|  |TAMS 0x0000000728400000, 0x0000000728400000| Untracked 
| 121|0x0000000728500000, 0x0000000728500000, 0x0000000728600000|  0%| F|  |TAMS 0x0000000728500000, 0x0000000728500000| Untracked 
| 122|0x0000000728600000, 0x0000000728600000, 0x0000000728700000|  0%| F|  |TAMS 0x0000000728600000, 0x0000000728600000| Untracked 
| 123|0x0000000728700000, 0x0000000728700000, 0x0000000728800000|  0%| F|  |TAMS 0x0000000728700000, 0x0000000728700000| Untracked 
| 124|0x0000000728800000, 0x0000000728800000, 0x0000000728900000|  0%| F|  |TAMS 0x0000000728800000, 0x0000000728800000| Untracked 
| 125|0x0000000728900000, 0x0000000728900000, 0x0000000728a00000|  0%| F|  |TAMS 0x0000000728900000, 0x0000000728900000| Untracked 
| 126|0x0000000728a00000, 0x0000000728a00000, 0x0000000728b00000|  0%| F|  |TAMS 0x0000000728a00000, 0x0000000728a00000| Untracked 
| 127|0x0000000728b00000, 0x0000000728b00000, 0x0000000728c00000|  0%| F|  |TAMS 0x0000000728b00000, 0x0000000728b00000| Untracked 
| 128|0x0000000728c00000, 0x0000000728c00000, 0x0000000728d00000|  0%| F|  |TAMS 0x0000000728c00000, 0x0000000728c00000| Untracked 
| 129|0x0000000728d00000, 0x0000000728d00000, 0x0000000728e00000|  0%| F|  |TAMS 0x0000000728d00000, 0x0000000728d00000| Untracked 
| 130|0x0000000728e00000, 0x0000000728e00000, 0x0000000728f00000|  0%| F|  |TAMS 0x0000000728e00000, 0x0000000728e00000| Untracked 
| 131|0x0000000728f00000, 0x0000000728f00000, 0x0000000729000000|  0%| F|  |TAMS 0x0000000728f00000, 0x0000000728f00000| Untracked 
| 132|0x0000000729000000, 0x0000000729000000, 0x0000000729100000|  0%| F|  |TAMS 0x0000000729000000, 0x0000000729000000| Untracked 
| 133|0x0000000729100000, 0x0000000729100000, 0x0000000729200000|  0%| F|  |TAMS 0x0000000729100000, 0x0000000729100000| Untracked 
| 134|0x0000000729200000, 0x0000000729200000, 0x0000000729300000|  0%| F|  |TAMS 0x0000000729200000, 0x0000000729200000| Untracked 
| 135|0x0000000729300000, 0x0000000729300000, 0x0000000729400000|  0%| F|  |TAMS 0x0000000729300000, 0x0000000729300000| Untracked 
| 136|0x0000000729400000, 0x0000000729400000, 0x0000000729500000|  0%| F|  |TAMS 0x0000000729400000, 0x0000000729400000| Untracked 
| 137|0x0000000729500000, 0x0000000729500000, 0x0000000729600000|  0%| F|  |TAMS 0x0000000729500000, 0x0000000729500000| Untracked 
| 138|0x0000000729600000, 0x0000000729600000, 0x0000000729700000|  0%| F|  |TAMS 0x0000000729600000, 0x0000000729600000| Untracked 
| 139|0x0000000729700000, 0x0000000729700000, 0x0000000729800000|  0%| F|  |TAMS 0x0000000729700000, 0x0000000729700000| Untracked 
| 140|0x0000000729800000, 0x0000000729800000, 0x0000000729900000|  0%| F|  |TAMS 0x0000000729800000, 0x0000000729800000| Untracked 
| 141|0x0000000729900000, 0x0000000729900000, 0x0000000729a00000|  0%| F|  |TAMS 0x0000000729900000, 0x0000000729900000| Untracked 
| 142|0x0000000729a00000, 0x0000000729a00000, 0x0000000729b00000|  0%| F|  |TAMS 0x0000000729a00000, 0x0000000729a00000| Untracked 
| 143|0x0000000729b00000, 0x0000000729b00000, 0x0000000729c00000|  0%| F|  |TAMS 0x0000000729b00000, 0x0000000729b00000| Untracked 
| 144|0x0000000729c00000, 0x0000000729c00000, 0x0000000729d00000|  0%| F|  |TAMS 0x0000000729c00000, 0x0000000729c00000| Untracked 
| 145|0x0000000729d00000, 0x0000000729d00000, 0x0000000729e00000|  0%| F|  |TAMS 0x0000000729d00000, 0x0000000729d00000| Untracked 
| 146|0x0000000729e00000, 0x0000000729e00000, 0x0000000729f00000|  0%| F|  |TAMS 0x0000000729e00000, 0x0000000729e00000| Untracked 
| 147|0x0000000729f00000, 0x0000000729f00000, 0x000000072a000000|  0%| F|  |TAMS 0x0000000729f00000, 0x0000000729f00000| Untracked 
| 148|0x000000072a000000, 0x000000072a000000, 0x000000072a100000|  0%| F|  |TAMS 0x000000072a000000, 0x000000072a000000| Untracked 
| 149|0x000000072a100000, 0x000000072a100000, 0x000000072a200000|  0%| F|  |TAMS 0x000000072a100000, 0x000000072a100000| Untracked 
| 150|0x000000072a200000, 0x000000072a200000, 0x000000072a300000|  0%| F|  |TAMS 0x000000072a200000, 0x000000072a200000| Untracked 
| 151|0x000000072a300000, 0x000000072a300000, 0x000000072a400000|  0%| F|  |TAMS 0x000000072a300000, 0x000000072a300000| Untracked 
| 152|0x000000072a400000, 0x000000072a400000, 0x000000072a500000|  0%| F|  |TAMS 0x000000072a400000, 0x000000072a400000| Untracked 
| 153|0x000000072a500000, 0x000000072a500000, 0x000000072a600000|  0%| F|  |TAMS 0x000000072a500000, 0x000000072a500000| Untracked 
| 154|0x000000072a600000, 0x000000072a600000, 0x000000072a700000|  0%| F|  |TAMS 0x000000072a600000, 0x000000072a600000| Untracked 
| 155|0x000000072a700000, 0x000000072a700000, 0x000000072a800000|  0%| F|  |TAMS 0x000000072a700000, 0x000000072a700000| Untracked 
| 156|0x000000072a800000, 0x000000072a800000, 0x000000072a900000|  0%| F|  |TAMS 0x000000072a800000, 0x000000072a800000| Untracked 
| 157|0x000000072a900000, 0x000000072a900000, 0x000000072aa00000|  0%| F|  |TAMS 0x000000072a900000, 0x000000072a900000| Untracked 
| 158|0x000000072aa00000, 0x000000072aa00000, 0x000000072ab00000|  0%| F|  |TAMS 0x000000072aa00000, 0x000000072aa00000| Untracked 
| 159|0x000000072ab00000, 0x000000072ab00000, 0x000000072ac00000|  0%| F|  |TAMS 0x000000072ab00000, 0x000000072ab00000| Untracked 
| 160|0x000000072ac00000, 0x000000072ac00000, 0x000000072ad00000|  0%| F|  |TAMS 0x000000072ac00000, 0x000000072ac00000| Untracked 
| 161|0x000000072ad00000, 0x000000072ad00000, 0x000000072ae00000|  0%| F|  |TAMS 0x000000072ad00000, 0x000000072ad00000| Untracked 
| 162|0x000000072ae00000, 0x000000072ae00000, 0x000000072af00000|  0%| F|  |TAMS 0x000000072ae00000, 0x000000072ae00000| Untracked 
| 163|0x000000072af00000, 0x000000072af00000, 0x000000072b000000|  0%| F|  |TAMS 0x000000072af00000, 0x000000072af00000| Untracked 
| 164|0x000000072b000000, 0x000000072b000000, 0x000000072b100000|  0%| F|  |TAMS 0x000000072b000000, 0x000000072b000000| Untracked 
| 165|0x000000072b100000, 0x000000072b100000, 0x000000072b200000|  0%| F|  |TAMS 0x000000072b100000, 0x000000072b100000| Untracked 
| 166|0x000000072b200000, 0x000000072b200000, 0x000000072b300000|  0%| F|  |TAMS 0x000000072b200000, 0x000000072b200000| Untracked 
| 167|0x000000072b300000, 0x000000072b300000, 0x000000072b400000|  0%| F|  |TAMS 0x000000072b300000, 0x000000072b300000| Untracked 
| 168|0x000000072b400000, 0x000000072b400000, 0x000000072b500000|  0%| F|  |TAMS 0x000000072b400000, 0x000000072b400000| Untracked 
| 169|0x000000072b500000, 0x000000072b500000, 0x000000072b600000|  0%| F|  |TAMS 0x000000072b500000, 0x000000072b500000| Untracked 
| 170|0x000000072b600000, 0x000000072b600000, 0x000000072b700000|  0%| F|  |TAMS 0x000000072b600000, 0x000000072b600000| Untracked 
| 171|0x000000072b700000, 0x000000072b700000, 0x000000072b800000|  0%| F|  |TAMS 0x000000072b700000, 0x000000072b700000| Untracked 
| 172|0x000000072b800000, 0x000000072b800000, 0x000000072b900000|  0%| F|  |TAMS 0x000000072b800000, 0x000000072b800000| Untracked 
| 173|0x000000072b900000, 0x000000072b900000, 0x000000072ba00000|  0%| F|  |TAMS 0x000000072b900000, 0x000000072b900000| Untracked 
| 174|0x000000072ba00000, 0x000000072ba00000, 0x000000072bb00000|  0%| F|  |TAMS 0x000000072ba00000, 0x000000072ba00000| Untracked 
| 175|0x000000072bb00000, 0x000000072bb00000, 0x000000072bc00000|  0%| F|  |TAMS 0x000000072bb00000, 0x000000072bb00000| Untracked 
| 176|0x000000072bc00000, 0x000000072bc00000, 0x000000072bd00000|  0%| F|  |TAMS 0x000000072bc00000, 0x000000072bc00000| Untracked 
| 177|0x000000072bd00000, 0x000000072bd00000, 0x000000072be00000|  0%| F|  |TAMS 0x000000072bd00000, 0x000000072bd00000| Untracked 
| 178|0x000000072be00000, 0x000000072be00000, 0x000000072bf00000|  0%| F|  |TAMS 0x000000072be00000, 0x000000072be00000| Untracked 
| 179|0x000000072bf00000, 0x000000072bf00000, 0x000000072c000000|  0%| F|  |TAMS 0x000000072bf00000, 0x000000072bf00000| Untracked 
| 180|0x000000072c000000, 0x000000072c000000, 0x000000072c100000|  0%| F|  |TAMS 0x000000072c000000, 0x000000072c000000| Untracked 
| 181|0x000000072c100000, 0x000000072c100000, 0x000000072c200000|  0%| F|  |TAMS 0x000000072c100000, 0x000000072c100000| Untracked 
| 182|0x000000072c200000, 0x000000072c200000, 0x000000072c300000|  0%| F|  |TAMS 0x000000072c200000, 0x000000072c200000| Untracked 
| 183|0x000000072c300000, 0x000000072c300000, 0x000000072c400000|  0%| F|  |TAMS 0x000000072c300000, 0x000000072c300000| Untracked 
| 184|0x000000072c400000, 0x000000072c400000, 0x000000072c500000|  0%| F|  |TAMS 0x000000072c400000, 0x000000072c400000| Untracked 
| 185|0x000000072c500000, 0x000000072c500000, 0x000000072c600000|  0%| F|  |TAMS 0x000000072c500000, 0x000000072c500000| Untracked 
| 186|0x000000072c600000, 0x000000072c600000, 0x000000072c700000|  0%| F|  |TAMS 0x000000072c600000, 0x000000072c600000| Untracked 
| 187|0x000000072c700000, 0x000000072c700000, 0x000000072c800000|  0%| F|  |TAMS 0x000000072c700000, 0x000000072c700000| Untracked 
| 188|0x000000072c800000, 0x000000072c800000, 0x000000072c900000|  0%| F|  |TAMS 0x000000072c800000, 0x000000072c800000| Untracked 
| 189|0x000000072c900000, 0x000000072c900000, 0x000000072ca00000|  0%| F|  |TAMS 0x000000072c900000, 0x000000072c900000| Untracked 
| 190|0x000000072ca00000, 0x000000072ca00000, 0x000000072cb00000|  0%| F|  |TAMS 0x000000072ca00000, 0x000000072ca00000| Untracked 
| 191|0x000000072cb00000, 0x000000072cb00000, 0x000000072cc00000|  0%| F|  |TAMS 0x000000072cb00000, 0x000000072cb00000| Untracked 
| 192|0x000000072cc00000, 0x000000072cc00000, 0x000000072cd00000|  0%| F|  |TAMS 0x000000072cc00000, 0x000000072cc00000| Untracked 
| 193|0x000000072cd00000, 0x000000072cd00000, 0x000000072ce00000|  0%| F|  |TAMS 0x000000072cd00000, 0x000000072cd00000| Untracked 
| 194|0x000000072ce00000, 0x000000072ce00000, 0x000000072cf00000|  0%| F|  |TAMS 0x000000072ce00000, 0x000000072ce00000| Untracked 
| 195|0x000000072cf00000, 0x000000072cf00000, 0x000000072d000000|  0%| F|  |TAMS 0x000000072cf00000, 0x000000072cf00000| Untracked 
| 196|0x000000072d000000, 0x000000072d0d1d50, 0x000000072d100000| 81%| S|CS|TAMS 0x000000072d000000, 0x000000072d000000| Complete 
| 197|0x000000072d100000, 0x000000072d200000, 0x000000072d200000|100%| S|CS|TAMS 0x000000072d100000, 0x000000072d100000| Complete 
| 198|0x000000072d200000, 0x000000072d200000, 0x000000072d300000|  0%| F|  |TAMS 0x000000072d200000, 0x000000072d200000| Untracked 
| 199|0x000000072d300000, 0x000000072d300000, 0x000000072d400000|  0%| F|  |TAMS 0x000000072d300000, 0x000000072d300000| Untracked 
| 200|0x000000072d400000, 0x000000072d400000, 0x000000072d500000|  0%| F|  |TAMS 0x000000072d400000, 0x000000072d400000| Untracked 
| 201|0x000000072d500000, 0x000000072d500000, 0x000000072d600000|  0%| F|  |TAMS 0x000000072d500000, 0x000000072d500000| Untracked 
| 202|0x000000072d600000, 0x000000072d600000, 0x000000072d700000|  0%| F|  |TAMS 0x000000072d600000, 0x000000072d600000| Untracked 
| 203|0x000000072d700000, 0x000000072d788020, 0x000000072d800000| 53%| E|  |TAMS 0x000000072d700000, 0x000000072d700000| Complete 
| 204|0x000000072d800000, 0x000000072d900000, 0x000000072d900000|100%| E|CS|TAMS 0x000000072d800000, 0x000000072d800000| Complete 
| 205|0x000000072d900000, 0x000000072da00000, 0x000000072da00000|100%| E|CS|TAMS 0x000000072d900000, 0x000000072d900000| Complete 
| 206|0x000000072da00000, 0x000000072db00000, 0x000000072db00000|100%| E|CS|TAMS 0x000000072da00000, 0x000000072da00000| Complete 
| 207|0x000000072db00000, 0x000000072dc00000, 0x000000072dc00000|100%| E|CS|TAMS 0x000000072db00000, 0x000000072db00000| Complete 
| 208|0x000000072dc00000, 0x000000072dd00000, 0x000000072dd00000|100%| E|CS|TAMS 0x000000072dc00000, 0x000000072dc00000| Complete 
| 209|0x000000072dd00000, 0x000000072de00000, 0x000000072de00000|100%| E|CS|TAMS 0x000000072dd00000, 0x000000072dd00000| Complete 
| 210|0x000000072de00000, 0x000000072df00000, 0x000000072df00000|100%| E|CS|TAMS 0x000000072de00000, 0x000000072de00000| Complete 
| 211|0x000000072df00000, 0x000000072e000000, 0x000000072e000000|100%| E|CS|TAMS 0x000000072df00000, 0x000000072df00000| Complete 
| 212|0x000000072e000000, 0x000000072e100000, 0x000000072e100000|100%| E|CS|TAMS 0x000000072e000000, 0x000000072e000000| Complete 
| 213|0x000000072e100000, 0x000000072e200000, 0x000000072e200000|100%| E|CS|TAMS 0x000000072e100000, 0x000000072e100000| Complete 
| 214|0x000000072e200000, 0x000000072e300000, 0x000000072e300000|100%| E|CS|TAMS 0x000000072e200000, 0x000000072e200000| Complete 
| 215|0x000000072e300000, 0x000000072e400000, 0x000000072e400000|100%| E|CS|TAMS 0x000000072e300000, 0x000000072e300000| Complete 
| 216|0x000000072e400000, 0x000000072e500000, 0x000000072e500000|100%| E|CS|TAMS 0x000000072e400000, 0x000000072e400000| Complete 
| 217|0x000000072e500000, 0x000000072e600000, 0x000000072e600000|100%| E|CS|TAMS 0x000000072e500000, 0x000000072e500000| Complete 
| 218|0x000000072e600000, 0x000000072e700000, 0x000000072e700000|100%| E|CS|TAMS 0x000000072e600000, 0x000000072e600000| Complete 
| 219|0x000000072e700000, 0x000000072e800000, 0x000000072e800000|100%| E|CS|TAMS 0x000000072e700000, 0x000000072e700000| Complete 
| 220|0x000000072e800000, 0x000000072e900000, 0x000000072e900000|100%| E|CS|TAMS 0x000000072e800000, 0x000000072e800000| Complete 
| 221|0x000000072e900000, 0x000000072ea00000, 0x000000072ea00000|100%| E|CS|TAMS 0x000000072e900000, 0x000000072e900000| Complete 
| 222|0x000000072ea00000, 0x000000072eb00000, 0x000000072eb00000|100%| E|CS|TAMS 0x000000072ea00000, 0x000000072ea00000| Complete 
| 223|0x000000072eb00000, 0x000000072ec00000, 0x000000072ec00000|100%| E|CS|TAMS 0x000000072eb00000, 0x000000072eb00000| Complete 

Card table byte_map: [0x0000029a68b90000,0x0000029a69290000] _byte_map_base: 0x0000029a6528a000

Marking Bits (Prev, Next): (CMBitMap*) 0x0000029a51058758, (CMBitMap*) 0x0000029a51058790
 Prev Bits: [0x0000029a69990000, 0x0000029a6d160000)
 Next Bits: [0x0000029a6d160000, 0x0000029a70930000)

Polling page: 0x0000029a4ef80000

Metaspace:

Usage:
  Non-class:     18.11 MB capacity,    17.80 MB ( 98%) used,   289.17 KB (  2%) free+waste,    22.44 KB ( <1%) overhead. 
      Class:      2.23 MB capacity,     2.14 MB ( 96%) used,    84.45 KB (  4%) free+waste,     8.88 KB ( <1%) overhead. 
       Both:     20.33 MB capacity,    19.94 MB ( 98%) used,   373.62 KB (  2%) free+waste,    31.31 KB ( <1%) overhead. 

Virtual space:
  Non-class space:       20.00 MB reserved,      18.25 MB ( 91%) committed 
      Class space:        1.00 GB reserved,       2.25 MB ( <1%) committed 
             Both:        1.02 GB reserved,      20.50 MB (  2%) committed 

Chunk freelists:
   Non-Class:  2.25 KB
       Class:  2.88 KB
        Both:  5.13 KB

CodeHeap 'non-profiled nmethods': size=120064Kb used=836Kb max_used=836Kb free=119227Kb
 bounds [0x0000029a60f50000, 0x0000029a611c0000, 0x0000029a68490000]
CodeHeap 'profiled nmethods': size=120000Kb used=4681Kb max_used=4681Kb free=115318Kb
 bounds [0x0000029a59a20000, 0x0000029a59ec0000, 0x0000029a60f50000]
CodeHeap 'non-nmethods': size=5696Kb used=1114Kb max_used=1144Kb free=4582Kb
 bounds [0x0000029a59490000, 0x0000029a59700000, 0x0000029a59a20000]
 total_blobs=2636 nmethods=2212 adapters=335
 compilation: enabled
              stopped_count=0, restarted_count=0
 full_count=0

Compilation events (10 events):
Event: 1.911 Thread 0x0000029a736c7800 nmethod 2166 0x0000029a59e7dc10 code [0x0000029a59e7dde0, 0x0000029a59e7e018]
Event: 1.911 Thread 0x0000029a736c7800 2167       3       java.lang.Character::isJavaIdentifierPart (9 bytes)
Event: 1.911 Thread 0x0000029a736c7800 nmethod 2167 0x0000029a59e7e110 code [0x0000029a59e7e2c0, 0x0000029a59e7e4b8]
Event: 1.911 Thread 0x0000029a736c7800 2164       3       java.util.Hashtable::addEntry (87 bytes)
Event: 1.911 Thread 0x0000029a736c7800 nmethod 2164 0x0000029a59e7e590 code [0x0000029a59e7e780, 0x0000029a59e7ef18]
Event: 1.911 Thread 0x0000029a736c7800 2169       3       org.apache.maven.model.validation.DefaultModelValidator::isValidIdCharacter (60 bytes)
Event: 1.912 Thread 0x0000029a736c7800 nmethod 2169 0x0000029a59e7f190 code [0x0000029a59e7f340, 0x0000029a59e7f678]
Event: 1.912 Thread 0x0000029a736c7800 2170       3       java.util.regex.Matcher::match (154 bytes)
Event: 1.912 Thread 0x0000029a736c7800 nmethod 2170 0x0000029a59e7f710 code [0x0000029a59e7f900, 0x0000029a59e7feb8]
Event: 1.913 Thread 0x0000029a736c7800 2171 %     3       java.util.Properties$LineReader::readLine @ 224 (584 bytes)

GC Heap History (6 events):
Event: 0.440 GC heap before
{Heap before GC invocations=0 (full 0):
 garbage-first heap   total 229376K, used 14336K [0x0000000720c00000, 0x0000000800000000)
  region size 1024K, 14 young (14336K), 0 survivors (0K)
 Metaspace       used 10955K, capacity 11145K, committed 11392K, reserved 1058816K
  class space    used 1046K, capacity 1120K, committed 1152K, reserved 1048576K
}
Event: 0.443 GC heap after
{Heap after GC invocations=1 (full 0):
 garbage-first heap   total 229376K, used 3014K [0x0000000720c00000, 0x0000000800000000)
  region size 1024K, 2 young (2048K), 2 survivors (2048K)
 Metaspace       used 10955K, capacity 11145K, committed 11392K, reserved 1058816K
  class space    used 1046K, capacity 1120K, committed 1152K, reserved 1048576K
}
Event: 0.657 GC heap before
{Heap before GC invocations=1 (full 0):
 garbage-first heap   total 229376K, used 19398K [0x0000000720c00000, 0x0000000800000000)
  region size 1024K, 18 young (18432K), 2 survivors (2048K)
 Metaspace       used 13033K, capacity 13238K, committed 13568K, reserved 1060864K
  class space    used 1321K, capacity 1412K, committed 1536K, reserved 1048576K
}
Event: 0.660 GC heap after
{Heap after GC invocations=2 (full 0):
 garbage-first heap   total 229376K, used 3748K [0x0000000720c00000, 0x0000000800000000)
  region size 1024K, 1 young (1024K), 1 survivors (1024K)
 Metaspace       used 13033K, capacity 13238K, committed 13568K, reserved 1060864K
  class space    used 1321K, capacity 1412K, committed 1536K, reserved 1048576K
}
Event: 1.046 GC heap before
{Heap before GC invocations=2 (full 0):
 garbage-first heap   total 229376K, used 28324K [0x0000000720c00000, 0x0000000800000000)
  region size 1024K, 26 young (26624K), 1 survivors (1024K)
 Metaspace       used 16692K, capacity 16928K, committed 17024K, reserved 1064960K
  class space    used 1791K, capacity 1909K, committed 1920K, reserved 1048576K
}
Event: 1.049 GC heap after
{Heap after GC invocations=3 (full 0):
 garbage-first heap   total 229376K, used 4935K [0x0000000720c00000, 0x0000000800000000)
  region size 1024K, 2 young (2048K), 2 survivors (2048K)
 Metaspace       used 16692K, capacity 16928K, committed 17024K, reserved 1064960K
  class space    used 1791K, capacity 1909K, committed 1920K, reserved 1048576K
}

Deoptimization events (10 events):
Event: 1.324 Thread 0x0000029a51004000 Uncommon trap: reason=unstable_if action=reinterpret pc=0x0000029a60fa3dc0 method=org.codehaus.plexus.util.xml.pull.MXParser.nextImpl()I @ 269 c2
Event: 1.402 Thread 0x0000029a51004000 Uncommon trap: reason=unstable_if action=reinterpret pc=0x0000029a60fc82d8 method=java.nio.Buffer.limit(I)Ljava/nio/Buffer; @ 42 c2
Event: 1.415 Thread 0x0000029a51004000 Uncommon trap: reason=unstable_if action=reinterpret pc=0x0000029a60fb3b6c method=java.lang.String.replace(CC)Ljava/lang/String; @ 2 c2
Event: 1.415 Thread 0x0000029a51004000 Uncommon trap: reason=unstable_if action=reinterpret pc=0x0000029a60fc40a4 method=java.lang.String.indexOf([BBILjava/lang/String;I)I @ 21 c2
Event: 1.418 Thread 0x0000029a51004000 Uncommon trap: reason=unstable_if action=reinterpret pc=0x0000029a60fe34ac method=java.lang.String.substring(I)Ljava/lang/String; @ 34 c2
Event: 1.894 Thread 0x0000029a51004000 Uncommon trap: reason=class_check action=maybe_recompile pc=0x0000029a6100b8a4 method=java.util.regex.Pattern$BmpCharPredicate.lambda$union$2(Ljava/util/regex/Pattern$CharPredicate;I)Z @ 2 c2
Event: 1.894 Thread 0x0000029a51004000 Uncommon trap: reason=class_check action=maybe_recompile pc=0x0000029a6100b8a4 method=java.util.regex.Pattern$BmpCharPredicate.lambda$union$2(Ljava/util/regex/Pattern$CharPredicate;I)Z @ 2 c2
Event: 1.894 Thread 0x0000029a51004000 Uncommon trap: reason=class_check action=maybe_recompile pc=0x0000029a6100b8a4 method=java.util.regex.Pattern$BmpCharPredicate.lambda$union$2(Ljava/util/regex/Pattern$CharPredicate;I)Z @ 2 c2
Event: 1.894 Thread 0x0000029a51004000 Uncommon trap: reason=class_check action=maybe_recompile pc=0x0000029a6100b8a4 method=java.util.regex.Pattern$BmpCharPredicate.lambda$union$2(Ljava/util/regex/Pattern$CharPredicate;I)Z @ 2 c2
Event: 1.901 Thread 0x0000029a51004000 Uncommon trap: reason=unstable_if action=reinterpret pc=0x0000029a60f9b640 method=sun.nio.cs.UTF_8$Decoder.decodeArrayLoop(Ljava/nio/ByteBuffer;Ljava/nio/CharBuffer;)Ljava/nio/charset/CoderResult; @ 84 c2

Classes redefined (0 events):
No events

Internal exceptions (5 events):
Event: 0.177 Thread 0x0000029a51004000 Exception <a 'java/lang/NoSuchMethodError'{0x000000072e843fc8}: java.lang.invoke.DirectMethodHandle$Holder.invokeSpecialIFC(Ljava/lang/Object;Ljava/lang/Object;I)I> (0x000000072e843fc8) thrown at [./open/src/hotspot/share/interpreter/linkResolver.cpp, lin
Event: 1.215 Thread 0x0000029a51004000 Exception <a 'java/lang/NoClassDefFoundError'{0x000000072e6f1440}: com/google/inject/servlet/ServletModuleTargetVisitor> (0x000000072e6f1440) thrown at [./open/src/hotspot/share/classfile/systemDictionary.cpp, line 217]
Event: 1.215 Thread 0x0000029a51004000 Exception <a 'java/lang/NoClassDefFoundError'{0x000000072e6f1440}> (0x000000072e6f1440) thrown at [./open/src/hotspot/share/prims/jvm.cpp, line 1309]
Event: 1.215 Thread 0x0000029a51004000 Exception <a 'java/lang/NoClassDefFoundError'{0x000000072e6f46b8}: javax/annotation/Priority> (0x000000072e6f46b8) thrown at [./open/src/hotspot/share/classfile/systemDictionary.cpp, line 217]
Event: 1.284 Thread 0x0000029a51004000 Exception <a 'java/lang/NoSuchMethodError'{0x000000072e35cfb8}: java.lang.invoke.DirectMethodHandle$Holder.invokeStaticInit(Ljava/lang/Object;IIII)Ljava/lang/Object;> (0x000000072e35cfb8) thrown at [./open/src/hotspot/share/interpreter/linkResolver.cpp, l

Events (10 events):
Event: 1.901 Thread 0x0000029a51004000 DEOPT UNPACKING pc=0x0000029a594b7b2f sp=0x000000a09b8fd2f0 mode 2
Event: 1.902 loading class org/apache/maven/model/Site
Event: 1.902 loading class org/apache/maven/model/Site done
Event: 1.905 Thread 0x0000029a74d52800 Thread added: 0x0000029a74d52800
Event: 1.905 loading class org/apache/maven/model/ActivationFile
Event: 1.905 loading class org/apache/maven/model/ActivationFile done
Event: 1.911 loading class org/apache/maven/repository/internal/ArtifactDescriptorReaderDelegate
Event: 1.911 loading class org/apache/maven/repository/internal/ArtifactDescriptorReaderDelegate done
Event: 1.912 loading class org/eclipse/aether/graph/Dependency$Exclusions
Event: 1.912 loading class org/eclipse/aether/graph/Dependency$Exclusions done


Dynamic libraries:
0x00007ff799270000 - 0x00007ff79927f000 	C:\Program Files\Java\jdk-11.0.10\bin\java.exe
0x00007ff9f2e90000 - 0x00007ff9f3085000 	C:\Windows\SYSTEM32\ntdll.dll
0x00007ff9e40a0000 - 0x00007ff9e40b3000 	C:\Program Files\AVG\Antivirus\aswhook.dll
0x00007ff9f28e0000 - 0x00007ff9f299d000 	C:\Windows\System32\KERNEL32.DLL
0x00007ff9f09d0000 - 0x00007ff9f0c99000 	C:\Windows\System32\KERNELBASE.dll
0x00007ff9f0790000 - 0x00007ff9f0890000 	C:\Windows\System32\ucrtbase.dll
0x00007ff9def00000 - 0x00007ff9def15000 	C:\Program Files\Java\jdk-11.0.10\bin\VCRUNTIME140.dll
0x00007ff9defe0000 - 0x00007ff9deff8000 	C:\Program Files\Java\jdk-11.0.10\bin\jli.dll
0x00007ff9f1d20000 - 0x00007ff9f1dcc000 	C:\Windows\System32\ADVAPI32.dll
0x00007ff9f2550000 - 0x00007ff9f25ee000 	C:\Windows\System32\msvcrt.dll
0x00007ff9f1950000 - 0x00007ff9f19ec000 	C:\Windows\System32\sechost.dll
0x00007ff9f1ac0000 - 0x00007ff9f1beb000 	C:\Windows\System32\RPCRT4.dll
0x00007ff9f2740000 - 0x00007ff9f28e0000 	C:\Windows\System32\USER32.dll
0x00007ff9d4c00000 - 0x00007ff9d4e9a000 	C:\Windows\WinSxS\amd64_microsoft.windows.common-controls_6595b64144ccf1df_6.0.19041.844_none_ca00b6081b84eb1d\COMCTL32.dll
0x00007ff9f0d90000 - 0x00007ff9f0db2000 	C:\Windows\System32\win32u.dll
0x00007ff9f2c00000 - 0x00007ff9f2c2a000 	C:\Windows\System32\GDI32.dll
0x00007ff9f0890000 - 0x00007ff9f099b000 	C:\Windows\System32\gdi32full.dll
0x00007ff9f0ca0000 - 0x00007ff9f0d3d000 	C:\Windows\System32\msvcp_win.dll
0x00007ff9eedc0000 - 0x00007ff9eedca000 	C:\Windows\SYSTEM32\VERSION.dll
0x00007ff9f2710000 - 0x00007ff9f2740000 	C:\Windows\System32\IMM32.DLL
0x00007ff99c7d0000 - 0x00007ff99c86b000 	C:\Program Files\Java\jdk-11.0.10\bin\msvcp140.dll
0x00007ff99ca10000 - 0x00007ff99d50b000 	C:\Program Files\Java\jdk-11.0.10\bin\server\jvm.dll
0x00007ff9f1dd0000 - 0x00007ff9f1dd8000 	C:\Windows\System32\PSAPI.DLL
0x00007ff9dcfa0000 - 0x00007ff9dcfa9000 	C:\Windows\SYSTEM32\WSOCK32.dll
0x00007ff9f1cb0000 - 0x00007ff9f1d1b000 	C:\Windows\System32\WS2_32.dll
0x00007ff9e6210000 - 0x00007ff9e6237000 	C:\Windows\SYSTEM32\WINMM.dll
0x00007ff9eeed0000 - 0x00007ff9eeee2000 	C:\Windows\SYSTEM32\kernel.appcore.dll
0x00007ff9e4350000 - 0x00007ff9e4360000 	C:\Program Files\Java\jdk-11.0.10\bin\verify.dll
0x00007ff9e8bb0000 - 0x00007ff9e8d94000 	C:\Windows\SYSTEM32\DBGHELP.DLL
0x00007ff9e6560000 - 0x00007ff9e658c000 	C:\Windows\SYSTEM32\dbgcore.DLL
0x00007ff9f0e70000 - 0x00007ff9f0ef0000 	C:\Windows\System32\bcryptPrimitives.dll
0x00007ff9be0b0000 - 0x00007ff9be0d8000 	C:\Program Files\Java\jdk-11.0.10\bin\java.dll
0x00007ff9e3dd0000 - 0x00007ff9e3dda000 	C:\Program Files\Java\jdk-11.0.10\bin\jimage.dll
0x00007ff9be090000 - 0x00007ff9be0a6000 	C:\Program Files\Java\jdk-11.0.10\bin\zip.dll
0x00007ff9f1de0000 - 0x00007ff9f2522000 	C:\Windows\System32\SHELL32.dll
0x00007ff9ee630000 - 0x00007ff9eedc0000 	C:\Windows\SYSTEM32\windows.storage.dll
0x00007ff9f15d0000 - 0x00007ff9f1925000 	C:\Windows\System32\combase.dll
0x00007ff9eff70000 - 0x00007ff9eff9c000 	C:\Windows\SYSTEM32\Wldp.dll
0x00007ff9f29a0000 - 0x00007ff9f2a4e000 	C:\Windows\System32\SHCORE.dll
0x00007ff9f1100000 - 0x00007ff9f1155000 	C:\Windows\System32\shlwapi.dll
0x00007ff9f0510000 - 0x00007ff9f052f000 	C:\Windows\SYSTEM32\profapi.dll
0x00007ff9bddf0000 - 0x00007ff9bde09000 	C:\Program Files\Java\jdk-11.0.10\bin\net.dll
0x00007ff9e5d50000 - 0x00007ff9e5e5c000 	C:\Windows\SYSTEM32\WINHTTP.dll
0x00007ff9efcf0000 - 0x00007ff9efd5a000 	C:\Windows\system32\mswsock.dll
0x00007ff9a1300000 - 0x00007ff9a1312000 	C:\Program Files\Java\jdk-11.0.10\bin\nio.dll
0x00007ff9ebe60000 - 0x00007ff9ebe6a000 	C:\Program Files\NetBeans-12.3\netbeans\java\maven\lib\jansi-native\windows64\jansi.dll

dbghelp: loaded successfully - version: 4.0.5 - missing functions: none
symbol engine: initialized successfully - sym options: 0x614 - pdb path: .;C:\Program Files\Java\jdk-11.0.10\bin;C:\Windows\SYSTEM32;C:\Program Files\AVG\Antivirus;C:\Windows\WinSxS\amd64_microsoft.windows.common-controls_6595b64144ccf1df_6.0.19041.844_none_ca00b6081b84eb1d;C:\Program Files\Java\jdk-11.0.10\bin\server;C:\Program Files\NetBeans-12.3\netbeans\java\maven\lib\jansi-native\windows64

VM Arguments:
jvm_args: -Dclassworlds.conf=C:\Program Files\NetBeans-12.3\netbeans\java\maven\bin\..\bin\m2.conf -Dmaven.home=C:\Program Files\NetBeans-12.3\netbeans\java\maven\bin\.. -Dlibrary.jansi.path=C:\Program Files\NetBeans-12.3\netbeans\java\maven\bin\..\lib\jansi-native -Dmaven.multiModuleProjectDirectory=C:\Users\Desktop\Desktop\2ADSB-2021-1-Grupo-06\aplicações-java\projeto-tela-java 
java_command: org.codehaus.plexus.classworlds.launcher.Launcher -Dexec.args=-classpath %classpath br.com.first.projeto.tela.java.Cadastro -Dexec.executable=C:\Program Files\Java\jdk-11.0.10\bin\java.exe -Dexec.classpathScope=runtime -Dmaven.ext.class.path=C:\Program Files\NetBeans-12.3\netbeans\java\maven-nblib\netbeans-eventspy.jar -Dfile.encoding=UTF-8 process-classes org.codehaus.mojo:exec-maven-plugin:3.0.0:exec
java_class_path (initial): C:\Program Files\NetBeans-12.3\netbeans\java\maven\bin\..\boot\plexus-classworlds-2.6.0.jar
Launcher Type: SUN_STANDARD

[Global flags]
     intx CICompilerCount                          = 3                                         {product} {ergonomic}
     uint ConcGCThreads                            = 1                                         {product} {ergonomic}
     uint G1ConcRefinementThreads                  = 4                                         {product} {ergonomic}
   size_t G1HeapRegionSize                         = 1048576                                   {product} {ergonomic}
    uintx GCDrainStackTargetSize                   = 64                                        {product} {ergonomic}
   size_t InitialHeapSize                          = 234881024                                 {product} {ergonomic}
   size_t MarkStackSize                            = 4194304                                   {product} {ergonomic}
   size_t MaxHeapSize                              = 3745513472                                {product} {ergonomic}
   size_t MaxNewSize                               = 2247098368                                {product} {ergonomic}
   size_t MinHeapDeltaBytes                        = 1048576                                   {product} {ergonomic}
    uintx NonNMethodCodeHeapSize                   = 5830732                                {pd product} {ergonomic}
    uintx NonProfiledCodeHeapSize                  = 122913754                              {pd product} {ergonomic}
    uintx ProfiledCodeHeapSize                     = 122913754                              {pd product} {ergonomic}
    uintx ReservedCodeCacheSize                    = 251658240                              {pd product} {ergonomic}
     bool SegmentedCodeCache                       = true                                      {product} {ergonomic}
     bool UseCompressedClassPointers               = true                                 {lp64_product} {ergonomic}
     bool UseCompressedOops                        = true                                 {lp64_product} {ergonomic}
     bool UseG1GC                                  = true                                      {product} {ergonomic}
     bool UseLargePagesIndividualAllocation        = false                                  {pd product} {ergonomic}

Logging:
Log output configuration:
 #0: stdout all=warning uptime,level,tags
 #1: stderr all=off uptime,level,tags

Environment Variables:
JAVA_HOME=C:\Program Files\Java\jdk-11.0.10
PATH=C:\Program Files\Common Files\Oracle\Java\javapath;C:\Program Files (x86)\Common Files\Oracle\Java\javapath;C:\Windows\system32;C:\Windows;C:\Windows\System32\Wbem;C:\Windows\System32\WindowsPowerShell\v1.0\;C:\Windows\System32\OpenSSH\;C:\Program Files\Git\cmd;C:\Program Files\Java\jdk-11.0.10\bin;C:\Program Files\nodejs\;C:\Users\Desktop\AppData\Local\Microsoft\WindowsApps;;C:\Users\Desktop\AppData\Local\Programs\Microsoft VS Code\bin;C:\Users\Desktop\AppData\Roaming\npm
USERNAME=Desktop
OS=Windows_NT
PROCESSOR_IDENTIFIER=AMD64 Family 23 Model 17 Stepping 0, AuthenticAMD



---------------  S Y S T E M  ---------------

OS: Windows 10 , 64 bit Build 19041 (10.0.19041.804)

CPU:total 4 (initial active 4) (4 cores per cpu, 1 threads per core) family 23 model 17 stepping 0 microcode 0x0, cmov, cx8, fxsr, mmx, sse, sse2, sse3, ssse3, sse4.1, sse4.2, popcnt, avx, avx2, aes, clmul, mmxext, 3dnowpref, lzcnt, sse4a, tsc, tscinvbit, tscinv, bmi1, bmi2, adx, sha, 

Memory: 4k page, system-wide physical 14284M (9503M free)
TotalPageFile size 16460M (AvailPageFile size 9576M)
current process WorkingSet (physical memory assigned to process): 111M, peak: 111M
current process commit charge ("private bytes"): 338M, peak: 340M

vm_info: Java HotSpot(TM) 64-Bit Server VM (11.0.10+8-LTS-162) for windows-amd64 JRE (11.0.10+8-LTS-162), built on Dec  8 2020 16:32:57 by "mach5one" with MS VC++ 15.9 (VS2017)

END.
